Charm++: standalone mode (not using charmrun)
Charm++> Running in Multicore mode:  1 threads
Charm++> Using recursive bisection (scheme 3) for topology aware partitions
Converse/Charm++ Commit ID: v6.8.2-0-g26d4bd8-namd-charm-6.8.2-build-2018-Jan-11-30463
Warning> Randomization of virtual memory (ASLR) is turned on in the kernel, thread migration may not work! Run 'echo 0 > /proc/sys/kernel/randomize_va_space' as root to disable it, or try running with '+isomalloc_sync'.
CharmLB> Load balancer assumes all CPUs are same.
Charm++> Running on 1 unique compute nodes (40-way SMP).
Charm++> cpu topology info is gathered in 0.002 seconds.
Info: Built with CUDA version 9010
Did not find +devices i,j,k,... argument, using all
Pe 0 physical rank 0 binding to CUDA device 0 on gnode26: 'GeForce GTX 1080 Ti'  Mem: 11178MB  Rev: 6.1  PCI: 0:83:0
Info: NAMD 2.13 for Linux-x86_64-multicore-CUDA
Info: 
Info: Please visit http://www.ks.uiuc.edu/Research/namd/
Info: for updates, documentation, and support information.
Info: 
Info: Please cite Phillips et al., J. Comp. Chem. 26:1781-1802 (2005)
Info: in all publications reporting results obtained with NAMD.
Info: 
Info: Based on Charm++/Converse 60800 for multicore-linux64-iccstatic
Info: Built Fri Nov 9 14:40:48 CST 2018 by jim on ganymede.ks.uiuc.edu
Info: 1 NAMD  2.13  Linux-x86_64-multicore-CUDA  1    gnode26  shaunak
Info: Running on 1 processors, 1 nodes, 1 physical nodes.
Info: CPU topology information available.
Info: Charm++/Converse parallel runtime startup completed at 0.00647497 s
CkLoopLib is used in SMP with a simple dynamic scheduling (converse-level notification) but not using node-level queue
Info: 362.836 MB of memory in use based on /proc/self/stat
Info: Configuration file is ubq_wb_eq.conf
Info: Working in the current directory /home/shaunak/NAMD_INTRO_3107/shaunak_namd_tut/1-3-box
TCL: Suspending until startup complete.
Info: SIMULATION PARAMETERS:
Info: TIMESTEP               2
Info: NUMBER OF STEPS        0
Info: STEPS PER CYCLE        10
Info: PERIODIC CELL BASIS 1  42 0 0
Info: PERIODIC CELL BASIS 2  0 44 0
Info: PERIODIC CELL BASIS 3  0 0 47
Info: PERIODIC CELL CENTER   30.8 29 17.7
Info: WRAPPING ALL CLUSTERS AROUND PERIODIC BOUNDARIES ON OUTPUT.
Info: LOAD BALANCER  Centralized
Info: LOAD BALANCING STRATEGY  New Load Balancers -- DEFAULT
Info: LDB PERIOD             2000 steps
Info: FIRST LDB TIMESTEP     50
Info: LAST LDB TIMESTEP     -1
Info: LDB BACKGROUND SCALING 1
Info: HOM BACKGROUND SCALING 1
Info: PME BACKGROUND SCALING 1
Info: MIN ATOMS PER PATCH    40
Info: INITIAL TEMPERATURE    310
Info: CENTER OF MASS MOVING INITIALLY? NO
Info: DIELECTRIC             1
Info: EXCLUDE                SCALED ONE-FOUR
Info: 1-4 ELECTROSTATICS SCALED BY 1
Info: MODIFIED 1-4 VDW PARAMETERS WILL BE USED
Info: DCD FILENAME           output_files/ubq_wb_eq.dcd
Info: DCD FREQUENCY          250
Info: DCD FIRST STEP         250
Info: DCD FILE WILL CONTAIN UNIT CELL DATA
Info: XST FILENAME           output_files/ubq_wb_eq.xst
Info: XST FREQUENCY          250
Info: NO VELOCITY DCD OUTPUT
Info: NO FORCE DCD OUTPUT
Info: OUTPUT FILENAME        output_files/ubq_wb_eq
Info: BINARY OUTPUT FILES WILL BE USED
Info: RESTART FILENAME       output_files/ubq_wb_eq.restart
Info: RESTART FREQUENCY      500
Info: BINARY RESTART FILES WILL BE USED
Info: SWITCHING ACTIVE
Info: SWITCHING ON           10
Info: SWITCHING OFF          12
Info: PAIRLIST DISTANCE      14
Info: PAIRLIST SHRINK RATE   0.01
Info: PAIRLIST GROW RATE     0.01
Info: PAIRLIST TRIGGER       0.3
Info: PAIRLISTS PER CYCLE    2
Info: PAIRLISTS ENABLED
Info: MARGIN                 0.495
Info: HYDROGEN GROUP CUTOFF  2.5
Info: PATCH DIMENSION        16.995
Info: ENERGY OUTPUT STEPS    100
Info: CROSSTERM ENERGY INCLUDED IN DIHEDRAL
Info: TIMING OUTPUT STEPS    1000
Info: PRESSURE OUTPUT STEPS  100
Info: LANGEVIN DYNAMICS ACTIVE
Info: LANGEVIN TEMPERATURE   310
Info: LANGEVIN USING BBK INTEGRATOR
Info: LANGEVIN DAMPING COEFFICIENT IS 1 INVERSE PS
Info: LANGEVIN DYNAMICS NOT APPLIED TO HYDROGENS
Info: LANGEVIN PISTON PRESSURE CONTROL ACTIVE
Info:        TARGET PRESSURE IS 1.01325 BAR
Info:     OSCILLATION PERIOD IS 100 FS
Info:             DECAY TIME IS 50 FS
Info:     PISTON TEMPERATURE IS 310 K
Info:       PRESSURE CONTROL IS GROUP-BASED
Info:    INITIAL STRAIN RATE IS 0 0 0
Info:       CELL FLUCTUATION IS ISOTROPIC
Info: PARTICLE MESH EWALD (PME) ACTIVE
Info: PME TOLERANCE               1e-06
Info: PME EWALD COEFFICIENT       0.257952
Info: PME INTERPOLATION ORDER     4
Info: PME GRID DIMENSIONS         44 44 48
Info: PME MAXIMUM GRID SPACING    1
Info: Attempting to read FFTW data from FFTW_NAMD_2.13_Linux-x86_64-multicore-CUDA.txt
Info: Optimizing 6 FFT steps.  1... 2... 3... 4... 5... 6...   Done.
Info: Writing FFTW data to FFTW_NAMD_2.13_Linux-x86_64-multicore-CUDA.txt
Info: FULL ELECTROSTATIC EVALUATION FREQUENCY      2
Info: USING VERLET I (r-RESPA) MTS SCHEME.
Info: C1 SPLITTING OF LONG RANGE ELECTROSTATICS
Info: PLACING ATOMS IN PATCHES BY HYDROGEN GROUPS
Info: RIGID BONDS TO HYDROGEN : ALL
Info:         ERROR TOLERANCE : 1e-08
Info:          MAX ITERATIONS : 100
Info: RIGID WATER USING SETTLE ALGORITHM
Info: RANDOM NUMBER SEED     1598045698
Info: USE HYDROGEN BONDS?    NO
Info: COORDINATE PDB         generated_files/ubq_wb.pdb
Info: STRUCTURE FILE         generated_files/ubq_wb.psf
Info: PARAMETER file: CHARMM format! 
Info: PARAMETERS             general_info/par_all27_prot_lipid.inp
Info: USING ARITHMETIC MEAN TO COMBINE L-J SIGMA PARAMETERS
Info: SUMMARY OF PARAMETERS:
Info: 180 BONDS
Info: 447 ANGLES
Info: 566 DIHEDRAL
Info: 46 IMPROPER
Info: 6 CROSSTERM
Info: 119 VDW
Info: 0 VDW_PAIRS
Info: 0 NBTHOLE_PAIRS
Info: TIME FOR READING PSF FILE: 0.0541489
Info: Reading pdb file generated_files/ubq_wb.pdb
Info: TIME FOR READING PDB FILE: 0.0150321
Info: 
Info: ****************************
Info: STRUCTURE SUMMARY:
Info: 7051 ATOMS
Info: 5117 BONDS
Info: 4197 ANGLES
Info: 3293 DIHEDRALS
Info: 204 IMPROPERS
Info: 74 CROSSTERMS
Info: 0 EXCLUSIONS
Info: 6449 RIGID BONDS
Info: 14704 DEGREES OF FREEDOM
Info: 2542 HYDROGEN GROUPS
Info: 4 ATOMS IN LARGEST HYDROGEN GROUP
Info: 2542 MIGRATION GROUPS
Info: 4 ATOMS IN LARGEST MIGRATION GROUP
Info: TOTAL MASS = 43514.7 amu
Info: TOTAL CHARGE = 1.00955e-06 e
Info: MASS DENSITY = 0.831947 g/cm^3
Info: ATOM DENSITY = 0.0811803 atoms/A^3
Info: *****************************
Info: 
Info: Entering startup at 13.6544 s, 366.812 MB of memory in use
Info: Startup phase 0 took 0.000119925 s, 366.812 MB of memory in use
Info: ADDED 12578 IMPLICIT EXCLUSIONS
Info: Startup phase 1 took 0.00302291 s, 367.02 MB of memory in use
Info: NONBONDED TABLE R-SQUARED SPACING: 0.0625
Info: NONBONDED TABLE SIZE: 769 POINTS
Info: INCONSISTENCY IN FAST TABLE ENERGY VS FORCE: 0.000325096 AT 11.9556
Info: INCONSISTENCY IN SCOR TABLE ENERGY VS FORCE: 0.000324844 AT 11.9556
Info: ABSOLUTE IMPRECISION IN VDWA TABLE ENERGY: 4.59334e-32 AT 11.9974
Info: RELATIVE IMPRECISION IN VDWA TABLE ENERGY: 7.4108e-17 AT 11.9974
Info: INCONSISTENCY IN VDWA TABLE ENERGY VS FORCE: 0.0040507 AT 0.251946
Info: ABSOLUTE IMPRECISION IN VDWB TABLE ENERGY: 1.53481e-26 AT 11.9974
Info: RELATIVE IMPRECISION IN VDWB TABLE ENERGY: 7.96691e-18 AT 11.9974
Info: INCONSISTENCY IN VDWB TABLE ENERGY VS FORCE: 0.00150189 AT 0.251946
Info: Startup phase 2 took 0.00109816 s, 367.324 MB of memory in use
Info: Startup phase 3 took 2.5034e-05 s, 367.324 MB of memory in use
Info: Startup phase 4 took 3.98159e-05 s, 367.324 MB of memory in use
Info: Startup phase 5 took 1.81198e-05 s, 367.324 MB of memory in use
Info: PATCH GRID IS 2 (PERIODIC) BY 2 (PERIODIC) BY 2 (PERIODIC)
Info: PATCH GRID IS 1-AWAY BY 1-AWAY BY 1-AWAY
Info: REMOVING COM VELOCITY 0.115303 0.0792509 -0.131186
Info: LARGEST PATCH (3) HAS 919 ATOMS
Info: TORUS A SIZE 1 USING 0
Info: TORUS B SIZE 1 USING 0
Info: TORUS C SIZE 1 USING 0
Info: TORUS MINIMAL MESH SIZE IS 1 BY 1 BY 1
Info: Placed 100% of base nodes on same physical node as patch
Info: Startup phase 6 took 0.00246286 s, 368.859 MB of memory in use
Info: PME using 1 x 1 x 1 pencil grid for FFT and reciprocal sum.
Info: Startup phase 7 took 0.00138521 s, 369.172 MB of memory in use
Info: Updated CUDA force table with 4096 elements.
Info: Updated CUDA LJ table with 119 x 119 elements.
Info: Startup phase 8 took 0.00120687 s, 369.297 MB of memory in use
Info: Startup phase 9 took 4.19617e-05 s, 369.297 MB of memory in use
Info: Startup phase 10 took 1.81198e-05 s, 369.297 MB of memory in use
Info: Startup phase 11 took 0.00352883 s, 371.406 MB of memory in use
LDB: Central LB being created...
Info: Startup phase 12 took 0.00120711 s, 371.43 MB of memory in use
Info: CREATING 176 COMPUTE OBJECTS
Info: Found 213 unique exclusion lists needing 616 bytes
Info: Startup phase 13 took 0.00346398 s, 371.645 MB of memory in use
Info: Startup phase 14 took 4.60148e-05 s, 371.645 MB of memory in use
Info: Startup phase 15 took 6.29425e-05 s, 371.645 MB of memory in use
Info: Finished startup at 13.6721 s, 371.645 MB of memory in use

TCL: Minimizing for 100 steps
PRESSURE: 0 -185.3 12.2652 -42.8562 12.2652 -268.42 -54.2014 -42.8562 -54.2014 -177.367
GPRESSURE: 0 -20390.4 949.923 65.063 1404.67 -21408 -432.605 -2575.31 1730.98 -20573
ETITLE:      TS           BOND          ANGLE          DIHED          IMPRP               ELECT            VDW       BOUNDARY           MISC        KINETIC               TOTAL           TEMP      POTENTIAL         TOTAL3        TEMPAVG            PRESSURE      GPRESSURE         VOLUME       PRESSAVG      GPRESSAVG

ENERGY:       0       263.6136       847.5818       263.7655        10.7299         -18255.4917      2422.2700         0.0000         0.0000         0.0000         -14447.5309         0.0000    -14447.5309    -14447.5309         0.0000           -210.3625    -20790.4593     86856.0000      -210.3625    -20790.4593

OPENING EXTENDED SYSTEM TRAJECTORY FILE
MINIMIZER SLOWLY MOVING 2 ATOMS WITH BAD CONTACTS DOWNHILL
PRESSURE: 1 -185.153 12.2216 -42.6582 12.2216 -268.321 -54.079 -42.6582 -54.079 -177.485
GPRESSURE: 1 -21416.5 585.907 454.413 -115.038 -21957.3 147.371 -555.037 2459.82 -21336.2
ENERGY:       1       263.2961       846.9569       263.8745        10.9841         -18255.1089      2186.1183         0.0000         0.0000         0.0000         -14683.8791         0.0000    -14683.8791    -14683.8791         0.0000           -210.3194    -21570.0103     86856.0000      -210.3194    -21570.0103

MINIMIZER STARTING CONJUGATE GRADIENT ALGORITHM
LINE MINIMIZER REDUCING GRADIENT FROM 1.05481e+07 TO 10548.1
PRESSURE: 2 -183.965 12.2519 -42.397 12.2519 -266.47 -52.8269 -42.397 -52.8269 -177.057
GPRESSURE: 2 -11161.4 411.309 -218.649 -297.081 -11556.3 -269.227 63.8391 1194.46 -11178.8
ENERGY:       2       182.9479       778.1017       262.9946        10.1331         -18289.3737      1727.7901         0.0000         0.0000         0.0000         -15327.4063         0.0000    -15327.4063    -15327.4063         0.0000           -209.1639    -11298.8628     86856.0000      -209.1639    -11298.8628

PRESSURE: 3 -182.801 12.282 -42.1227 12.282 -264.649 -51.5677 -42.1227 -51.5677 -176.647
GPRESSURE: 3 -11259.4 319.331 -391.14 -320.009 -11682.2 -201.555 291.618 983.018 -11266.6
ENERGY:       3       153.1403       728.5362       262.2933        10.5080         -18323.1691      1517.0192         0.0000         0.0000         0.0000         -15651.6721         0.0000    -15651.6721    -15651.6721         0.0000           -208.0323    -11402.7489     86856.0000      -208.0323    -11402.7489

PRESSURE: 4 -181.664 12.3109 -41.8371 12.3109 -262.859 -50.3021 -41.8371 -50.3021 -176.255
GPRESSURE: 4 -11296.4 274.528 -459.403 -304.524 -11720.9 -167.673 365.2 897.268 -11311.2
ENERGY:       4       173.9652       697.2994       261.7469        11.8674         -18356.5148      1403.6033         0.0000         0.0000         0.0000         -15808.0326         0.0000    -15808.0326    -15808.0326         0.0000           -206.9260    -11442.7963     86856.0000      -206.9260    -11442.7963

PRESSURE: 5 -180.554 12.3398 -41.5398 12.3398 -261.102 -49.032 -41.5398 -49.032 -175.881
GPRESSURE: 5 -11316.3 257.438 -486.163 -276.28 -11739 -149.283 395.259 852.864 -11345.2
ENERGY:       5       245.1049       683.4168       261.3306        14.0601         -18389.4298      1335.9464         0.0000         0.0000         0.0000         -15849.5710         0.0000    -15849.5710    -15849.5710         0.0000           -205.8455    -11466.8272     86856.0000      -205.8455    -11466.8272

PRESSURE: 6 -179.473 12.3682 -41.2321 12.3682 -259.379 -47.76 -41.2321 -47.76 -175.524
GPRESSURE: 6 -11332.5 255.348 -495.002 -243.243 -11752.5 -138.972 411.577 826.234 -11376.4
ENERGY:       6       365.7317       685.7664       261.0477        16.9847         -18421.9400      1293.5514         0.0000         0.0000         0.0000         -15798.8582         0.0000    -15798.8582    -15798.8582         0.0000           -204.7919    -11487.0913     86856.0000      -204.7919    -11487.0913

LINE MINIMIZER BRACKET: DX 0.000126891 0.000126891 DU -41.5384 50.7128 DUDX -744337 41702 705231 
PRESSURE: 7 -180.662 12.3372 -41.5706 12.3372 -261.277 -49.1615 -41.5706 -49.1615 -175.916
GPRESSURE: 7 -11314.3 258.428 -484.158 -279.401 -11737.3 -150.564 392.897 856.936 -11341.9
ENERGY:       7       235.7683       684.2608       261.3647        13.8065         -18386.1434      1341.4495         0.0000         0.0000         0.0000         -15849.4936         0.0000    -15849.4936    -15849.4936         0.0000           -205.9519    -11464.4814     86856.0000      -205.9519    -11464.4814

LINE MINIMIZER BRACKET: DX 1.26891e-05 0.000126891 DU -0.0774231 50.7128 DUDX -31132.1 41702 705231 
MINIMIZER RESTARTING CONJUGATE GRADIENT ALGORITHM
LINE MINIMIZER REDUCING GRADIENT FROM 1.55154e+06 TO 1551.54
PRESSURE: 8 -179.551 12.1595 -40.9094 12.1595 -260.187 -47.884 -40.9094 -47.884 -175.977
GPRESSURE: 8 -11346.2 256.342 -457.287 -301.681 -11780.3 -132.002 398.514 863.181 -11380.3
ENERGY:       8       121.6558       649.8141       260.9358        13.0404         -18428.9642      1318.1636         0.0000         0.0000         0.0000         -16065.3544         0.0000    -16065.3544    -16065.3544         0.0000           -205.2384    -11502.2318     86856.0000      -205.2384    -11502.2318

PRESSURE: 9 -178.491 11.9936 -40.2576 11.9936 -259.114 -46.6112 -40.2576 -46.6112 -176.051
GPRESSURE: 9 -11377.9 254.987 -428.347 -324.613 -11822.2 -113.807 402.801 871.163 -11418.5
ENERGY:       9        74.8449       622.7533       260.4900        12.6626         -18471.3532      1297.6523         0.0000         0.0000         0.0000         -16202.9501         0.0000    -16202.9501    -16202.9501         0.0000           -204.5525    -11539.5129     86856.0000      -204.5525    -11539.5129

LDB: ============= START OF LOAD BALANCING ============== 13.701
LDB: ============== END OF LOAD BALANCING =============== 13.701
LDB: =============== DONE WITH MIGRATION ================ 13.7011
PRESSURE: 10 -177.482 11.8387 -39.6137 11.8387 -258.057 -45.343 -39.6137 -45.343 -176.14
GPRESSURE: 10 -11409.7 254.407 -396.066 -348.47 -11862.4 -96.3385 405.662 882.372 -11457.1
ETITLE:      TS           BOND          ANGLE          DIHED          IMPRP               ELECT            VDW       BOUNDARY           MISC        KINETIC               TOTAL           TEMP      POTENTIAL         TOTAL3        TEMPAVG            PRESSURE      GPRESSURE         VOLUME       PRESSAVG      GPRESSAVG

ENERGY:      10        94.8102       603.7023       260.0251        12.7384         -18513.3181      1280.0388         0.0000         0.0000         0.0000         -16262.0034         0.0000    -16262.0034    -16262.0034         0.0000           -203.8931    -11576.4028     86856.0000      -203.8931    -11576.4028

PRESSURE: 11 -176.523 11.6932 -38.9805 11.6932 -257.015 -44.0775 -38.9805 -44.0775 -176.241
GPRESSURE: 11 -11441.9 254.722 -358.724 -373.519 -11899.8 -80.3825 406.895 899.03 -11497.8
ENERGY:      11       180.6250       593.6325       259.6194        13.4044         -18554.8573      1265.6378         0.0000         0.0000         0.0000         -16241.9383         0.0000    -16241.9383    -16241.9383         0.0000           -203.2595    -11613.1444     86856.0000      -203.2595    -11613.1444

LINE MINIMIZER BRACKET: DX 0.000164296 0.000164296 DU -59.0533 20.0651 DUDX -599717 -120533 363615 
PRESSURE: 12 -177.24 11.8017 -39.4558 11.8017 -257.797 -45.0285 -39.4558 -45.0285 -176.164
GPRESSURE: 12 -11417.6 254.406 -387.335 -354.556 -11872 -92.2077 406.138 885.878 -11467
ENERGY:      12       110.0191       600.3237       259.9131        12.8409         -18523.6860      1276.1471         0.0000         0.0000         0.0000         -16264.4421         0.0000    -16264.4421    -16264.4421         0.0000           -203.7337    -11585.5340     86856.0000      -203.7337    -11585.5340

LINE MINIMIZER BRACKET: DX 4.08042e-05 0.000123492 DU -2.43873 22.5038 DUDX -120533 -879.331 363615 
MINIMIZER RESTARTING CONJUGATE GRADIENT ALGORITHM
LINE MINIMIZER REDUCING GRADIENT FROM 774011 TO 774.011
PRESSURE: 13 -175.785 11.8205 -39.1727 11.8205 -254.97 -42.3253 -39.1727 -42.3253 -174.413
GPRESSURE: 13 -11439 241.966 -394.752 -343.736 -11888.9 -82.1319 396.341 860.444 -11496.8
ENERGY:      13        59.8184       570.8504       260.3160         9.2107         -18593.9009      1234.0176         0.0000         0.0000         0.0000         -16459.6877         0.0000    -16459.6877    -16459.6877         0.0000           -201.7227    -11608.2105     86856.0000      -201.7227    -11608.2105

PRESSURE: 14 -174.407 11.8486 -38.9034 11.8486 -252.194 -39.6559 -38.9034 -39.6559 -172.727
GPRESSURE: 14 -11456.8 236.3 -393.714 -334.559 -11905.9 -72.0637 386.034 840.555 -11525.3
ENERGY:      14        95.2429       552.1185       260.8396         7.6655         -18662.5939      1197.5356         0.0000         0.0000         0.0000         -16549.1917         0.0000    -16549.1917    -16549.1917         0.0000           -199.7758    -11629.3033     86856.0000      -199.7758    -11629.3033

PRESSURE: 15 -173.108 11.8863 -38.646 11.8863 -249.472 -37.0235 -38.646 -37.0235 -171.108
GPRESSURE: 15 -11472 234.997 -387.716 -326.421 -11922.9 -61.3545 374.719 824.859 -11552.7
ENERGY:      15       216.6445       542.7599       261.5629         7.3665         -18729.7629      1165.5714         0.0000         0.0000         0.0000         -16535.8576         0.0000    -16535.8576    -16535.8576         0.0000           -197.8960    -11649.1772     86856.0000      -197.8960    -11649.1772

LINE MINIMIZER BRACKET: DX 0.000322062 0.000322062 DU -89.504 13.3341 DUDX -441046 -117684 196666 
PRESSURE: 16 -173.918 11.8617 -38.8071 11.8617 -251.182 -38.6789 -38.8071 -38.6789 -172.12
GPRESSURE: 16 -11462.7 235.388 -391.967 -331.46 -11912.1 -68.1828 381.963 834.341 -11535.5
ENERGY:      16       130.1392       547.6444       261.0798         7.4394         -18687.5991      1185.2400         0.0000         0.0000         0.0000         -16556.0562         0.0000    -16556.0562    -16556.0562         0.0000           -199.0732    -11636.7656     86856.0000      -199.0732    -11636.7656

LINE MINIMIZER BRACKET: DX 0.000119123 0.000202939 DU -6.8645 20.1986 DUDX -117684 -278.456 196666 
LINE MINIMIZER REDUCING GRADIENT FROM 857966 TO 857.966
PRESSURE: 17 -168.692 11.8945 -36.7193 11.8945 -243.381 -30.7152 -36.7193 -30.7152 -169.278
GPRESSURE: 17 -11580.1 224.275 -354.277 -331.916 -12053.5 -30.6424 360.96 812.977 -11697.9
ENERGY:      17        90.0730       475.6695       262.9536         8.7201         -18916.6332      1104.6713         0.0000         0.0000         0.0000         -16974.5457         0.0000    -16974.5457    -16974.5457         0.0000           -193.7837    -11777.1980     86856.0000      -193.7837    -11777.1980

PRESSURE: 18 -163.734 11.9593 -34.7471 11.9593 -236.043 -23.1795 -34.7471 -23.1795 -166.924
GPRESSURE: 18 -11683.7 214.359 -313.969 -328.914 -12184.3 3.35956 339.608 787.407 -11847.9
ENERGY:      18        63.6654       429.2284       266.5277        15.4076         -19127.7372      1043.6758         0.0000         0.0000         0.0000         -17309.2323         0.0000    -17309.2323    -17309.2323         0.0000           -188.9002    -11905.2809     86856.0000      -188.9002    -11905.2809

MINIMIZER RESTARTING CONJUGATE GRADIENT ALGORITHM DUE TO POOR PROGRESS
LINE MINIMIZER REDUCING GRADIENT FROM 360881 TO 360.881
PRESSURE: 19 -161.925 11.9522 -33.748 11.9522 -234.068 -21.3386 -33.748 -21.3386 -166.637
GPRESSURE: 19 -11748.5 202.541 -307.924 -339.878 -12232.5 7.25599 337.222 784.084 -11913.4
ENERGY:      19        44.2241       406.0241       265.4304        12.8137         -19197.6912      1032.0984         0.0000         0.0000         0.0000         -17437.1005         0.0000    -17437.1005    -17437.1005         0.0000           -187.5430    -11964.8029     86856.0000      -187.5430    -11964.8029

PRESSURE: 20 -160.212 11.9348 -32.7759 11.9348 -232.129 -19.5349 -32.7759 -19.5349 -166.391
GPRESSURE: 20 -11813.6 190.953 -300.056 -350.935 -12280.7 12.412 335.313 783.091 -11979
ETITLE:      TS           BOND          ANGLE          DIHED          IMPRP               ELECT            VDW       BOUNDARY           MISC        KINETIC               TOTAL           TEMP      POTENTIAL         TOTAL3        TEMPAVG            PRESSURE      GPRESSURE         VOLUME       PRESSAVG      GPRESSAVG

ENERGY:      20        98.0280       394.4829       264.5962        10.4299         -19266.1071      1021.9400         0.0000         0.0000         0.0000         -17476.6301         0.0000    -17476.6301    -17476.6301         0.0000           -186.2439    -12024.4303     86856.0000      -186.2439    -12024.4303

PRESSURE: 21 -158.594 11.9058 -31.8319 11.9058 -230.227 -17.7683 -31.8319 -17.7683 -166.188
GPRESSURE: 21 -11878.7 179.524 -290.617 -362.172 -12328.6 19.1604 333.64 784.966 -12044.8
ENERGY:      21       224.6467       396.2683       263.9797         8.4099         -19332.9600      1013.3107         0.0000         0.0000         0.0000         -17426.3447         0.0000    -17426.3447    -17426.3447         0.0000           -185.0029    -12084.0152     86856.0000      -185.0029    -12084.0152

LINE MINIMIZER BRACKET: DX 0.000474956 0.000474956 DU -39.5297 50.2854 DUDX -176878 10749.8 201307 
PRESSURE: 22 -160.38 11.9367 -32.8721 11.9367 -232.322 -19.7144 -32.8721 -19.7144 -166.415
GPRESSURE: 22 -11807.1 192.103 -300.919 -349.832 -12275.9 11.8277 335.462 783.067 -11972.4
ENERGY:      22        89.3564       395.0877       264.6691        10.6566         -19259.3150      1022.8894         0.0000         0.0000         0.0000         -17476.6558         0.0000    -17476.6558    -17476.6558         0.0000           -186.3721    -12018.4534     86856.0000      -186.3721    -12018.4534

LINE MINIMIZER BRACKET: DX 0.000427461 4.74956e-05 DU -39.5553 0.0256592 DUDX -176878 -8156.14 10749.8 
PRESSURE: 23 -160.301 11.9359 -32.8272 11.9359 -232.232 -19.6305 -32.8272 -19.6305 -166.404
GPRESSURE: 23 -11810.1 191.565 -300.512 -350.354 -12278.1 12.1042 335.386 783.076 -11975.5
ENERGY:      23        93.3312       394.7976       264.6345        10.5499         -19262.4941      1022.4407         0.0000         0.0000         0.0000         -17476.7402         0.0000    -17476.7402    -17476.7402         0.0000           -186.3124    -12021.2513     86856.0000      -186.3124    -12021.2513

LINE MINIMIZER BRACKET: DX 2.22725e-05 2.52231e-05 DU -0.0844109 0.11007 DUDX -8156.14 701.594 10749.8 
PRESSURE: 24 -160.309 11.9357 -32.8313 11.9357 -232.241 -19.6391 -32.8313 -19.6391 -166.405
GPRESSURE: 24 -11809.8 191.622 -300.558 -350.304 -12277.9 12.0702 335.391 783.075 -11975.2
ENERGY:      24        92.9263       394.8253       264.6380        10.5605         -19262.1613      1022.4861         0.0000         0.0000         0.0000         -17476.7251         0.0000    -17476.7251    -17476.7251         0.0000           -186.3184    -12020.9695     86856.0000      -186.3184    -12020.9695

LINE MINIMIZER BRACKET: DX 2.22725e-06 2.52231e-05 DU -0.0150546 0.11007 DUDX -184.86 701.594 10749.8 
LINE MINIMIZER REDUCING GRADIENT FROM 546257 TO 546.257
PRESSURE: 25 -156.142 11.8462 -31.1026 11.8462 -226.252 -14.6245 -31.1026 -14.6245 -164.14
GPRESSURE: 25 -11897.7 184.427 -300.789 -339.021 -12350.3 27.5444 319.756 750.072 -12072.5
ENERGY:      25        83.9435       354.9401       262.8582         8.1113         -19429.2974       987.7250         0.0000         0.0000         0.0000         -17731.7194         0.0000    -17731.7194    -17731.7194         0.0000           -182.1779    -12106.8273     86856.0000      -182.1779    -12106.8273

PRESSURE: 26 -152.214 11.7201 -29.4285 11.7201 -220.53 -9.91583 -29.4285 -9.91583 -162.161
GPRESSURE: 26 -11980.8 176.621 -297.027 -327.311 -12416.1 42.2572 304.346 720.927 -12165.5
ENERGY:      26        83.6915       327.1506       262.8367        15.9381         -19585.4519       958.9436         0.0000         0.0000         0.0000         -17936.8914         0.0000    -17936.8914    -17936.8914         0.0000           -178.3018    -12187.4340     86856.0000      -178.3018    -12187.4340

MINIMIZER RESTARTING CONJUGATE GRADIENT ALGORITHM DUE TO POOR PROGRESS
LINE MINIMIZER REDUCING GRADIENT FROM 409307 TO 409.307
PRESSURE: 27 -151.583 11.7468 -29.4315 11.7468 -218.965 -9.06431 -29.4315 -9.06431 -161.031
GPRESSURE: 27 -11966.1 179.261 -284.334 -315.11 -12412.9 51.1648 295.529 719.295 -12160.5
ENERGY:      27        47.9457       312.4273       262.9355         9.8897         -19616.1712       950.5948         0.0000         0.0000         0.0000         -18032.3783         0.0000    -18032.3783    -18032.3783         0.0000           -177.1928    -12179.8210     86856.0000      -177.1928    -12179.8210

PRESSURE: 28 -151.014 11.7781 -29.4447 11.7781 -217.417 -8.22324 -29.4447 -8.22324 -159.92
GPRESSURE: 28 -11954 184.13 -269.491 -301.482 -12412.1 60.52 288.777 718.367 -12158.8
ENERGY:      28        71.0187       307.3696       263.8410         8.1251         -19646.4990       942.9436         0.0000         0.0000         0.0000         -18053.2011         0.0000    -18053.2011    -18053.2011         0.0000           -176.1167    -12174.9533     86856.0000      -176.1167    -12174.9533

PRESSURE: 29 -150.507 11.8138 -29.4679 11.8138 -215.887 -7.39377 -29.4679 -7.39377 -158.829
GPRESSURE: 29 -11944 190.837 -252.497 -286.716 -12413.5 70.2809 283.664 718.331 -12159.8
ENERGY:      29       152.2092       310.8117       265.1326         8.7267         -19676.4421       935.9096         0.0000         0.0000         0.0000         -18003.6522         0.0000    -18003.6522    -18003.6522         0.0000           -175.0742    -12172.4568     86856.0000      -175.0742    -12172.4568

LINE MINIMIZER BRACKET: DX 0.00032841 0.00032841 DU -20.8228 49.5488 DUDX -174831 45829.7 253682 
PRESSURE: 30 -151.128 11.7713 -29.4408 11.7713 -217.74 -8.39894 -29.4408 -8.39894 -160.151
GPRESSURE: 30 -11956.3 182.937 -272.791 -304.436 -12412.1 58.5177 290.059 718.487 -12158.9
ETITLE:      TS           BOND          ANGLE          DIHED          IMPRP               ELECT            VDW       BOUNDARY           MISC        KINETIC               TOTAL           TEMP      POTENTIAL         TOTAL3        TEMPAVG            PRESSURE      GPRESSURE         VOLUME       PRESSAVG      GPRESSAVG

ENERGY:      30        61.3189       307.6902       263.6119         8.2522         -19640.1715       944.4953         0.0000         0.0000         0.0000         -18054.8029         0.0000    -18054.8029    -18054.8029         0.0000           -176.3397    -12175.7659     86856.0000      -176.3397    -12175.7659

LINE MINIMIZER BRACKET: DX 0.000259517 6.88926e-05 DU -22.4247 1.60188 DUDX -174831 560.649 45829.7 
PRESSURE: 31 -151.172 11.7688 -29.4399 11.7688 -217.862 -8.46499 -29.4399 -8.46499 -160.239
GPRESSURE: 31 -11957.2 182.513 -274 -305.539 -12412.1 57.7683 290.563 718.543 -12159
ENERGY:      31        58.3319       307.9090       263.5301         8.3290         -19637.7752       945.0883         0.0000         0.0000         0.0000         -18054.5868         0.0000    -18054.5868    -18054.5868         0.0000           -176.4242    -12176.1028     86856.0000      -176.4242    -12176.1028

LINE MINIMIZER BRACKET: DX 2.59517e-05 6.88926e-05 DU -0.216162 1.60188 DUDX -16629.8 560.649 45829.7 
PRESSURE: 32 -151.132 11.7709 -29.4408 11.7709 -217.753 -8.40553 -29.4408 -8.40553 -160.16
GPRESSURE: 32 -11956.4 182.889 -272.915 -304.553 -12412.1 58.4388 290.11 718.489 -12158.9
ENERGY:      32        61.0035       307.7096       263.6036         8.2592         -19639.9457       944.5535         0.0000         0.0000         0.0000         -18054.8163         0.0000    -18054.8163    -18054.8163         0.0000           -176.3481    -12175.7973     86856.0000      -176.3481    -12175.7973

LINE MINIMIZER BRACKET: DX 2.33565e-05 2.59517e-06 DU -0.229481 0.0133186 DUDX -16629.8 -1155.55 560.649 
PRESSURE: 33 -151.131 11.7709 -29.4407 11.7709 -217.752 -8.40487 -29.4407 -8.40487 -160.159
GPRESSURE: 33 -11956.4 182.893 -272.902 -304.541 -12412.1 58.4446 290.106 718.492 -12158.9
ENERGY:      33        61.0351       307.7076       263.6045         8.2585         -19639.9650       944.5493         0.0000         0.0000         0.0000         -18054.8101         0.0000    -18054.8101    -18054.8101         0.0000           -176.3473    -12175.7949     86856.0000      -176.3473    -12175.7949

LINE MINIMIZER BRACKET: DX 2.33565e-05 2.59517e-07 DU -0.229481 0.00616991 DUDX -16629.8 -1155.55 -983.337 
PRESSURE: 34 -151.132 11.7709 -29.4408 11.7709 -217.753 -8.4055 -29.4408 -8.4055 -160.16
GPRESSURE: 34 -11956.4 182.889 -272.915 -304.553 -12412.1 58.4388 290.11 718.489 -12158.9
ENERGY:      34        61.0035       307.7096       263.6036         8.2591         -19639.9457       944.5535         0.0000         0.0000         0.0000         -18054.8163         0.0000    -18054.8163    -18054.8163         0.0000           -176.3481    -12175.7972     86856.0000      -176.3481    -12175.7972

LINE MINIMIZER REDUCING GRADIENT FROM 248619 TO 248.619
PRESSURE: 35 -148.163 11.6838 -28.3732 11.6838 -213.414 -5.911 -28.3732 -5.911 -158.224
GPRESSURE: 35 -11992.7 167.186 -224.893 -300.875 -12465.4 86.4274 282.51 704.861 -12222.8
ENERGY:      35        47.3444       289.7810       266.3048        10.4492         -19760.7456       922.8406         0.0000         0.0000         0.0000         -18224.0256         0.0000    -18224.0256    -18224.0256         0.0000           -173.2667    -12226.9693     86856.0000      -173.2667    -12226.9693

PRESSURE: 36 -145.285 11.553 -27.3141 11.553 -209.212 -3.57479 -27.3141 -3.57479 -156.445
GPRESSURE: 36 -12032 150.805 -173.272 -296.309 -12520.1 113.029 278.45 690.175 -12287.8
ENERGY:      36        57.1112       287.5809       270.4498        21.3213         -19876.0236       903.9316         0.0000         0.0000         0.0000         -18335.6289         0.0000    -18335.6289    -18335.6289         0.0000           -170.3140    -12279.9417     86856.0000      -170.3140    -12279.9417

PRESSURE: 37 -142.511 11.3817 -26.2676 11.3817 -205.155 -1.39746 -26.2676 -1.39746 -154.829
GPRESSURE: 37 -12073.8 133.051 -118.98 -291.309 -12576 137.978 277.667 674.222 -12353.9
ENERGY:      37        92.9725       301.9165       275.7724        42.4670         -19985.5739       887.8941         0.0000         0.0000         0.0000         -18384.5514         0.0000    -18384.5514    -18384.5514         0.0000           -167.4985    -12334.5966     86856.0000      -167.4985    -12334.5966

PRESSURE: 38 -139.846 11.1723 -25.236 11.1723 -201.251 0.621304 -25.236 0.621304 -153.387
GPRESSURE: 38 -12118.1 113.508 -63.303 -286.228 -12632.8 161.475 279.16 657.631 -12421.1
ENERGY:      38       157.2616       333.5395       281.9559        74.3658         -20089.2877       874.8435         0.0000         0.0000         0.0000         -18367.3214         0.0000    -18367.3214    -18367.3214         0.0000           -164.8279    -12390.6668     86856.0000      -164.8279    -12390.6668

LINE MINIMIZER BRACKET: DX 0.000789025 0.000789025 DU -48.9226 17.23 DUDX -102864 -20897.3 64042.6 
PRESSURE: 39 -141.853 11.3344 -26.0166 11.3344 -204.194 -0.893175 -26.0166 -0.893175 -154.467
GPRESSURE: 39 -12084.4 128.465 -105.508 -289.991 -12589.8 143.809 277.869 670.204 -12370.2
ENERGY:      39       105.9761       308.0394       277.2202        49.2880         -20011.3760       884.4237         0.0000         0.0000         0.0000         -18386.4287         0.0000    -18386.4287    -18386.4287         0.0000           -166.8378    -12348.1625     86856.0000      -166.8378    -12348.1625

LINE MINIMIZER BRACKET: DX 0.000192918 0.000596107 DU -1.87727 19.1073 DUDX -20897.3 -320.539 64042.6 
PRESSURE: 40 -141.65 11.3191 -25.9382 11.3191 -203.896 -0.737946 -25.9382 -0.737946 -154.354
GPRESSURE: 40 -12087.7 127.027 -101.325 -289.604 -12594.1 145.601 277.953 668.963 -12375.3
ETITLE:      TS           BOND          ANGLE          DIHED          IMPRP               ELECT            VDW       BOUNDARY           MISC        KINETIC               TOTAL           TEMP      POTENTIAL         TOTAL3        TEMPAVG            PRESSURE      GPRESSURE         VOLUME       PRESSAVG      GPRESSAVG

ENERGY:      40       110.3449       310.1359       277.6774        51.5264         -20019.3189       883.3862         0.0000         0.0000         0.0000         -18386.2480         0.0000    -18386.2480    -18386.2480         0.0000           -166.6333    -12352.3842     86856.0000      -166.6333    -12352.3842

LINE MINIMIZER BRACKET: DX 0.000192918 5.96107e-05 DU -1.87727 0.180668 DUDX -20897.3 -320.539 6078.35 
PRESSURE: 41 -141.833 11.333 -26.0088 11.333 -204.164 -0.877788 -26.0088 -0.877788 -154.455
GPRESSURE: 41 -12084.8 128.324 -105.097 -289.95 -12590.3 143.988 277.883 670.09 -12370.7
ENERGY:      41       106.4053       308.2448       277.2657        49.5090         -20012.1640       884.3172         0.0000         0.0000         0.0000         -18386.4222         0.0000    -18386.4222    -18386.4222         0.0000           -166.8173    -12348.5858     86856.0000      -166.8173    -12348.5858

LINE MINIMIZER BRACKET: DX 0.000192918 5.96107e-06 DU -1.87727 0.0065314 DUDX -20897.3 -320.539 318.267 
PRESSURE: 42 -141.851 11.3342 -26.0156 11.3342 -204.191 -0.891619 -26.0156 -0.891619 -154.465
GPRESSURE: 42 -12084.5 128.457 -105.465 -289.988 -12589.9 143.827 277.86 670.199 -12370.3
ENERGY:      42       106.0244       308.0627       277.2253        49.3130         -20011.4663       884.4102         0.0000         0.0000         0.0000         -18386.4307         0.0000    -18386.4307    -18386.4307         0.0000           -166.8355    -12348.2136     86856.0000      -166.8355    -12348.2136

LINE MINIMIZER BRACKET: DX 6.74599e-07 5.28647e-06 DU -0.00201457 0.00854597 DUDX -320.539 -248.415 318.267 
LINE MINIMIZER REDUCING GRADIENT FROM 640534 TO 640.534
PRESSURE: 43 -138.844 11.3285 -24.9574 11.3285 -200.385 1.20446 -24.9574 1.20446 -152.504
GPRESSURE: 43 -12147.1 97.623 -122.722 -311.211 -12626 176.681 268.328 658.824 -12411
ENERGY:      43        64.4191       272.2212       274.5013        32.6036         -20116.3953       865.7598         0.0000         0.0000         0.0000         -18606.8903         0.0000    -18606.8903    -18606.8903         0.0000           -163.9109    -12394.7123     86856.0000      -163.9109    -12394.7123

PRESSURE: 44 -136.005 11.2934 -23.8827 11.2934 -196.722 3.15665 -23.8827 3.15665 -150.715
GPRESSURE: 44 -12209.5 68.979 -139.517 -328.925 -12663.6 204.861 257.194 647.565 -12456.2
ENERGY:      44        74.2228       251.1026       272.1707        22.0668         -20215.4393       850.0191         0.0000         0.0000         0.0000         -18745.8573         0.0000    -18745.8573    -18745.8573         0.0000           -161.1474    -12443.0903     86856.0000      -161.1474    -12443.0903

PRESSURE: 45 -133.344 11.2332 -22.7931 11.2332 -193.21 4.9651 -22.7931 4.9651 -149.109
GPRESSURE: 45 -12271.7 43.9555 -155.331 -342.333 -12703.2 229.805 245.339 635.729 -12504.5
ENERGY:      45       132.9984       244.8879       270.3024        16.0037         -20308.4901       836.8425         0.0000         0.0000         0.0000         -18807.4552         0.0000    -18807.4552    -18807.4552         0.0000           -158.5542    -12493.1479     86856.0000      -158.5542    -12493.1479

PRESSURE: 46 -130.868 11.1525 -21.6923 11.1525 -189.857 6.63094 -21.6923 6.63094 -147.692
GPRESSURE: 46 -12334.1 23.4834 -169.255 -350.764 -12745 252.311 233.536 623.159 -12555.6
ENERGY:      46       236.4489       253.7561       269.0088        13.1869         -20395.4466       826.0404         0.0000         0.0000         0.0000         -18797.0055         0.0000    -18797.0055    -18797.0055         0.0000           -156.1392    -12544.8795     86856.0000      -156.1392    -12544.8795

LINE MINIMIZER BRACKET: DX 0.000409726 0.000409726 DU -61.5979 10.4497 DUDX -242756 -59074 108879 
PRESSURE: 47 -132.461 11.2077 -22.4129 11.2077 -192.026 5.5606 -22.4129 5.5606 -148.597
GPRESSURE: 47 -12293.5 36.2626 -160.42 -345.848 -12717.5 237.928 241.161 631.464 -12522.1
ENERGY:      47       164.3444       246.2698       269.7816        14.7006         -20339.4811       832.8079         0.0000         0.0000         0.0000         -18811.5768         0.0000    -18811.5768    -18811.5768         0.0000           -157.6946    -12511.0090     86856.0000      -157.6946    -12511.0090

LINE MINIMIZER BRACKET: DX 0.000143088 0.000266638 DU -4.12162 14.5713 DUDX -59074 1696.1 108879 
PRESSURE: 48 -132.549 11.2104 -22.4514 11.2104 -192.144 5.50118 -22.4514 5.50118 -148.647
GPRESSURE: 48 -12291.3 37.0078 -159.919 -345.519 -12716.1 237.135 241.573 631.891 -12520.3
ENERGY:      48       160.9700       246.0499       269.8306        14.8144         -20336.4139       833.1961         0.0000         0.0000         0.0000         -18811.5530         0.0000    -18811.5530    -18811.5530         0.0000           -157.7802    -12509.2144     86856.0000      -157.7802    -12509.2144

LINE MINIMIZER BRACKET: DX 1.43088e-05 0.000266638 DU -0.023834 14.5713 DUDX -4297.44 1696.1 108879 
PRESSURE: 49 -132.483 11.2084 -22.4228 11.2084 -192.056 5.54555 -22.4228 5.54555 -148.609
GPRESSURE: 49 -12292.9 36.4426 -160.298 -345.76 -12717.2 237.732 241.262 631.569 -12521.6
ENERGY:      49       163.4884       246.2126       269.7939        14.7289         -20338.7054       832.9038         0.0000         0.0000         0.0000         -18811.5778         0.0000    -18811.5778    -18811.5778         0.0000           -157.7161    -12510.5587     86856.0000      -157.7161    -12510.5587

LDB: ============= START OF LOAD BALANCING ============== 13.7877
LDB: ============== END OF LOAD BALANCING =============== 13.7877
LDB: =============== DONE WITH MIGRATION ================ 13.7879
LINE MINIMIZER BRACKET: DX 1.06992e-05 3.60956e-06 DU -0.0247982 0.000964278 DUDX -4297.44 186.519 1696.1 
LINE MINIMIZER REDUCING GRADIENT FROM 745280 TO 745.28
PRESSURE: 50 -130.521 10.8603 -21.178 10.8603 -189.177 6.86474 -21.178 6.86474 -147.547
GPRESSURE: 50 -12341.4 30.1025 -159.225 -322.885 -12760.6 244.486 257.159 632.091 -12588.8
Info: Initial time: 1 CPUs 0.00218371 s/step 0.0126372 days/ns 375.883 MB memory
ETITLE:      TS           BOND          ANGLE          DIHED          IMPRP               ELECT            VDW       BOUNDARY           MISC        KINETIC               TOTAL           TEMP      POTENTIAL         TOTAL3        TEMPAVG            PRESSURE      GPRESSURE         VOLUME       PRESSAVG      GPRESSAVG

ENERGY:      50        99.7417       235.5348       267.8436        11.6943         -20414.1022       823.4078         0.0000         0.0000         0.0000         -18975.8800         0.0000    -18975.8800    -18975.8800         0.0000           -155.7480    -12563.6028     86856.0000      -155.7480    -12563.6028

PRESSURE: 51 -128.697 10.5015 -19.9494 10.5015 -186.401 8.09698 -19.9494 8.09698 -146.583
GPRESSURE: 51 -12391.8 24.1849 -158.353 -299.932 -12803 253.562 272.59 634.424 -12655.2
ENERGY:      51        75.0742       233.2172       266.1976        10.8667         -20485.4857       815.4675         0.0000         0.0000         0.0000         -19084.6627         0.0000    -19084.6627    -19084.6627         0.0000           -153.8939    -12616.6735     86856.0000      -153.8939    -12616.6735

PRESSURE: 52 -127.016 10.1336 -18.7396 10.1336 -183.733 9.24494 -18.7396 9.24494 -145.723
GPRESSURE: 52 -12443.9 18.7539 -157.658 -276.856 -12844.4 264.991 287.951 638.276 -12721.8
ENERGY:      52        90.2344       240.2638       264.9840        13.5644         -20552.7860       809.1145         0.0000         0.0000         0.0000         -19134.6249         0.0000    -19134.6249    -19134.6249         0.0000           -152.1572    -12670.0132     86856.0000      -152.1572    -12670.0132

PRESSURE: 53 -125.476 9.75855 -17.5514 9.75855 -181.176 10.3102 -17.5514 10.3102 -144.97
GPRESSURE: 53 -12497.8 13.943 -156.815 -253.417 -12884.7 278.585 304.105 643.074 -12789.8
ENERGY:      53       145.1850       257.5595       264.6925        22.3516         -20615.9214       804.3865         0.0000         0.0000         0.0000         -19121.7462         0.0000    -19121.7462    -19121.7462         0.0000           -150.5406    -12724.1200     86856.0000      -150.5406    -12724.1200

LINE MINIMIZER BRACKET: DX 0.000256069 0.000256069 DU -49.9622 12.8786 DUDX -311778 -75097.8 180501 
PRESSURE: 54 -126.541 10.0223 -18.3832 10.0223 -182.958 9.57124 -18.3832 9.57124 -145.489
GPRESSURE: 54 -12459.9 17.26 -157.431 -269.867 -12856.5 268.811 292.652 639.65 -12741.9
ENERGY:      54       102.5277       244.3274       264.7623        15.3922         -20572.1072       807.5260         0.0000         0.0000         0.0000         -19137.5716         0.0000    -19137.5716    -19137.5716         0.0000           -151.6629    -12686.1085     86856.0000      -151.6629    -12686.1085

LINE MINIMIZER BRACKET: DX 7.66808e-05 0.000179388 DU -2.94675 15.8254 DUDX -75097.8 -1016.67 180501 
PRESSURE: 55 -126.432 9.99627 -18.3 9.99627 -182.778 9.64664 -18.3 9.64664 -145.435
GPRESSURE: 55 -12463.6 16.9172 -157.378 -268.227 -12859.4 269.737 293.765 639.985 -12746.7
ENERGY:      55       105.9187       245.4144       264.7239        15.9069         -20576.5856       807.1758         0.0000         0.0000         0.0000         -19137.4459         0.0000    -19137.4459    -19137.4459         0.0000           -151.5481    -12689.8856     86856.0000      -151.5481    -12689.8856

LINE MINIMIZER BRACKET: DX 7.66808e-05 1.79388e-05 DU -2.94675 0.125748 DUDX -75097.8 -1016.67 16593.4 
PRESSURE: 56 -126.531 10.0199 -18.375 10.0199 -182.94 9.57879 -18.375 9.57879 -145.483
GPRESSURE: 56 -12460.2 17.2239 -157.422 -269.703 -12856.8 268.906 292.76 639.683 -12742.4
ENERGY:      56       102.8582       244.4337       264.7582        15.4421         -20572.5433       807.4918         0.0000         0.0000         0.0000         -19137.5594         0.0000    -19137.5594    -19137.5594         0.0000           -151.6514    -12686.4863     86856.0000      -151.6514    -12686.4863

LINE MINIMIZER BRACKET: DX 7.66808e-05 1.79388e-06 DU -2.94675 0.0122671 DUDX -75097.8 -1016.67 739.303 
LINE MINIMIZER REDUCING GRADIENT FROM 397074 TO 397.074
PRESSURE: 57 -124.407 9.64945 -17.2468 9.64945 -179.057 10.5179 -17.2468 10.5179 -143.518
GPRESSURE: 57 -12496.3 11.7957 -122.693 -236.511 -12882.1 295.204 272.743 633.896 -12780.6
ENERGY:      57        51.2216       229.4776       264.8741        12.1180         -20657.3674       798.1939         0.0000         0.0000         0.0000         -19301.4821         0.0000    -19301.4821    -19301.4821         0.0000           -148.9940    -12719.6385     86856.0000      -148.9940    -12719.6385

PRESSURE: 58 -122.467 9.23667 -16.121 9.23667 -175.357 11.3211 -16.121 11.3211 -141.714
GPRESSURE: 58 -12537 14.7537 -76.1881 -194.768 -12912.9 315.252 262.22 624.06 -12835.4
ENERGY:      58        60.4497       234.3620       265.6326        11.4338         -20736.0362       791.5954         0.0000         0.0000         0.0000         -19372.5627         0.0000    -19372.5627    -19372.5627         0.0000           -146.5127    -12761.7827     86856.0000      -146.5127    -12761.7827

PRESSURE: 59 -120.718 8.78755 -15.0029 8.78755 -171.847 11.9935 -15.0029 11.9935 -140.081
GPRESSURE: 59 -12578 24.1883 -23.207 -147.005 -12950.5 325.808 257.191 608.13 -12909
ENERGY:      59       130.1506       259.5251       266.8789        12.5011         -20808.4532       787.7721         0.0000         0.0000         0.0000         -19351.6254         0.0000    -19351.6254    -19351.6254         0.0000           -144.2153    -12812.4784     86856.0000      -144.2153    -12812.4784

LDB: ============= START OF LOAD BALANCING ============== 13.8089
LDB: ============== END OF LOAD BALANCING =============== 13.8089
LDB: =============== DONE WITH MIGRATION ================ 13.809
LINE MINIMIZER BRACKET: DX 0.00053031 0.00053031 DU -71.0805 20.9373 DUDX -221239 -46922 124345 
PRESSURE: 60 -121.975 9.11942 -15.82 9.11942 -174.389 11.5145 -15.82 11.5145 -141.26
GPRESSURE: 60 -12548.2 16.6321 -62.4923 -182.252 -12922.5 319.1 260.489 620.456 -12853.4
ETITLE:      TS           BOND          ANGLE          DIHED          IMPRP               ELECT            VDW       BOUNDARY           MISC        KINETIC               TOTAL           TEMP      POTENTIAL         TOTAL3        TEMPAVG            PRESSURE      GPRESSURE         VOLUME       PRESSAVG      GPRESSAVG

ENERGY:      60        73.4110       239.1375       265.9246        11.5751         -20756.2719       790.2684         0.0000         0.0000         0.0000         -19375.9553         0.0000    -19375.9553    -19375.9553         0.0000           -145.8745    -12774.6767     86856.0000      -145.8745    -12774.6767

LINE MINIMIZER BRACKET: DX 0.000143994 0.000386315 DU -3.39265 24.3299 DUDX -46922 -172.664 124345 
LINE MINIMIZER REDUCING GRADIENT FROM 261181 TO 261.181
PRESSURE: 61 -118.637 8.33966 -13.9942 8.33966 -170.43 11.8123 -13.9942 11.8123 -137.888
GPRESSURE: 61 -12620.4 -16.5016 -59.9578 -214.289 -12971.6 329.932 184.782 557.629 -12907.6
ENERGY:      61        66.4054       217.2498       265.4460        10.1913         -20878.6126       775.3178         0.0000         0.0000         0.0000         -19544.0023         0.0000    -19544.0023    -19544.0023         0.0000           -142.3183    -12833.1813     86856.0000      -142.3183    -12833.1813

PRESSURE: 62 -115.612 7.48579 -12.1799 7.48579 -166.697 11.9198 -12.1799 11.9198 -134.927
GPRESSURE: 62 -12707.3 -44.6047 -43.3194 -242.346 -13035.3 336.432 120.469 489.402 -12974.3
ENERGY:      62       168.9149       239.4033       265.7064         9.9758         -20989.7490       766.1786         0.0000         0.0000         0.0000         -19539.5701         0.0000    -19539.5701    -19539.5701         0.0000           -139.0787    -12905.6408     86856.0000      -139.0787    -12905.6408

LINE MINIMIZER BRACKET: DX 0.000971661 0.000971661 DU -168.047 4.43227 DUDX -261181 -84474.3 93031.2 
PRESSURE: 63 -117.164 7.9445 -13.1354 7.9445 -168.632 11.8837 -13.1354 11.8837 -136.439
GPRESSURE: 63 -12659.9 -30.4952 -53.8784 -228.08 -12999.9 333.551 152.834 525.959 -12937.7
ENERGY:      63       101.4783       222.0937       265.4860         9.9476         -20932.6889       770.2599         0.0000         0.0000         0.0000         -19563.4233         0.0000    -19563.4233    -19563.4233         0.0000           -140.7451    -12865.8251     86856.0000      -140.7451    -12865.8251

LINE MINIMIZER BRACKET: DX 0.00046094 0.000510721 DU -19.421 23.8532 DUDX -84474.3 -326.493 93031.2 
PRESSURE: 64 -117.005 7.89979 -13.0397 7.89979 -168.436 11.8892 -13.0397 11.8892 -136.283
GPRESSURE: 64 -12664.4 -31.97 -53.0095 -229.558 -13003.3 333.891 149.449 522.37 -12941.2
ENERGY:      64       106.8745       223.2534       265.4999         9.9365         -20938.5480       769.7802         0.0000         0.0000         0.0000         -19563.2036         0.0000    -19563.2036    -19563.2036         0.0000           -140.5745    -12869.6361     86856.0000      -140.5745    -12869.6361

LINE MINIMIZER BRACKET: DX 0.00046094 5.10721e-05 DU -19.421 0.219734 DUDX -84474.3 -326.493 9007.37 
PRESSURE: 65 -117.148 7.9402 -13.126 7.9402 -168.613 11.8843 -13.126 11.8843 -136.423
GPRESSURE: 65 -12660.3 -30.6424 -53.7946 -228.233 -13000.2 333.586 152.492 525.596 -12938
ENERGY:      65       102.0043       222.2040       265.4872         9.9464         -20933.2900       770.2102         0.0000         0.0000         0.0000         -19563.4380         0.0000    -19563.4380    -19563.4380         0.0000           -140.7280    -12866.2029     86856.0000      -140.7280    -12866.2029

LINE MINIMIZER BRACKET: DX 5.10721e-06 4.59649e-05 DU -0.0147053 0.234439 DUDX -326.493 606.623 9007.37 
PRESSURE: 66 -117.149 7.94044 -13.1267 7.94044 -168.614 11.8841 -13.1267 11.8841 -136.425
GPRESSURE: 66 -12660.3 -30.6274 -53.801 -228.214 -13000.2 333.582 152.525 525.631 -12938
ENERGY:      66       101.9517       222.1928       265.4871         9.9465         -20933.2311       770.2164         0.0000         0.0000         0.0000         -19563.4365         0.0000    -19563.4365    -19563.4365         0.0000           -140.7296    -12866.1645     86856.0000      -140.7296    -12866.1645

LINE MINIMIZER BRACKET: DX 5.10721e-07 4.59649e-05 DU -0.00146226 0.234439 DUDX 513.297 606.623 9007.37 
PRESSURE: 67 -117.148 7.94018 -13.126 7.94018 -168.613 11.8843 -13.126 11.8843 -136.423
GPRESSURE: 67 -12660.3 -30.6423 -53.7946 -228.233 -13000.2 333.587 152.492 525.596 -12938
ENERGY:      67       102.0043       222.2040       265.4872         9.9464         -20933.2900       770.2102         0.0000         0.0000         0.0000         -19563.4380         0.0000    -19563.4380    -19563.4380         0.0000           -140.7280    -12866.2029     86856.0000      -140.7280    -12866.2029

LINE MINIMIZER REDUCING GRADIENT FROM 308579 TO 308.579
PRESSURE: 68 -113.164 7.20253 -11.5837 7.20253 -162.646 11.4148 -11.5837 11.4148 -131.488
GPRESSURE: 68 -12742.1 -66.2949 -98.585 -150.901 -13107.9 349.461 214.195 505.034 -13087
ENERGY:      68        66.2488       223.3690       265.5559        10.3674         -21084.4107       752.2591         0.0000         0.0000         0.0000         -19766.6106         0.0000    -19766.6106    -19766.6106         0.0000           -135.7661    -12978.9821     86856.0000      -135.7661    -12978.9821

PRESSURE: 69 -109.688 6.34441 -10.0701 6.34441 -157.187 10.7909 -10.0701 10.7909 -127.188
GPRESSURE: 69 -12831.6 -93.9075 -120.093 -63.6248 -13223.8 370.526 297.338 486.653 -13241.7
ENERGY:      69       153.8646       267.8404       266.9738        16.0945         -21216.5980       743.7803         0.0000         0.0000         0.0000         -19768.0444         0.0000    -19768.0444    -19768.0444         0.0000           -131.3542    -13099.0095     86856.0000      -131.3542    -13099.0095

PRESSURE: 70 -106.732 5.40955 -8.6149 5.40955 -152.285 10.0506 -8.6149 10.0506 -123.549
GPRESSURE: 70 -12927.6 -113.408 -123.013 33.2018 -13347 399.072 397.241 472.862 -13399.7
ETITLE:      TS           BOND          ANGLE          DIHED          IMPRP               ELECT            VDW       BOUNDARY           MISC        KINETIC               TOTAL           TEMP      POTENTIAL         TOTAL3        TEMPAVG            PRESSURE      GPRESSURE         VOLUME       PRESSAVG      GPRESSAVG

ENERGY:      70       357.8905       356.7800       269.8836        28.2164         -21329.3211       744.9601         0.0000         0.0000         0.0000         -19571.5905         0.0000    -19571.5905    -19571.5905         0.0000           -127.5221    -13224.7549     86856.0000      -127.5221    -13224.7549

LINE MINIMIZER BRACKET: DX 0.000987075 0.000987075 DU -1.43381 196.454 DUDX -103665 98113 293189 
PRESSURE: 71 -111.366 6.81378 -10.8703 6.81378 -159.845 11.0991 -10.8703 11.0991 -129.337
GPRESSURE: 71 -12786.1 -81.2094 -112.867 -108.065 -13165.4 359.045 253.662 495.832 -13164.3
ENERGY:      71        95.5804       240.3121       266.0918        12.5645         -21153.3134       746.7487         0.0000         0.0000         0.0000         -19792.0159         0.0000    -19792.0159    -19792.0159         0.0000           -133.5161    -13038.6167     86856.0000      -133.5161    -13038.6167

LINE MINIMIZER BRACKET: DX 0.000500738 0.000486337 DU -25.4053 23.9715 DUDX -103665 -1120.42 98113 
PRESSURE: 72 -111.195 6.771 -10.7948 6.771 -159.576 11.0687 -10.7948 11.0687 -129.124
GPRESSURE: 72 -12790.6 -82.5691 -113.892 -103.761 -13171.1 360.096 257.783 494.914 -13172
ENERGY:      72       100.0983       242.5636       266.1637        12.8535         -21159.8089       746.3446         0.0000         0.0000         0.0000         -19791.7852         0.0000    -19791.7852    -19791.7852         0.0000           -133.2986    -13044.5445     86856.0000      -133.2986    -13044.5445

LINE MINIMIZER BRACKET: DX 0.000500738 4.86337e-05 DU -25.4053 0.230745 DUDX -103665 -1120.42 8825.46 
PRESSURE: 73 -111.349 6.80938 -10.8625 6.80938 -159.818 11.0961 -10.8625 11.0961 -129.316
GPRESSURE: 73 -12786.6 -81.3531 -112.969 -107.636 -13165.9 359.149 254.075 495.745 -13165.1
ENERGY:      73        96.0189       240.5322       266.0988        12.5928         -21153.9641       746.7064         0.0000         0.0000         0.0000         -19792.0150         0.0000    -19792.0150    -19792.0150         0.0000           -133.4944    -13039.2083     86856.0000      -133.4944    -13039.2083

LINE MINIMIZER BRACKET: DX 0.000500738 4.86337e-06 DU -25.4053 0.000920185 DUDX -103665 -1120.42 -125.832 
PRESSURE: 74 -111.366 6.8138 -10.8703 6.8138 -159.845 11.0991 -10.8703 11.0991 -129.337
GPRESSURE: 74 -12786.1 -81.2087 -112.867 -108.066 -13165.4 359.045 253.663 495.833 -13164.3
ENERGY:      74        95.5803       240.3120       266.0918        12.5645         -21153.3137       746.7486         0.0000         0.0000         0.0000         -19792.0165         0.0000    -19792.0165    -19792.0165         0.0000           -133.5161    -13038.6164     86856.0000      -133.5161    -13038.6164

LINE MINIMIZER REDUCING GRADIENT FROM 317002 TO 317.002
PRESSURE: 75 -108.095 5.74854 -8.90649 5.74854 -154.552 10.3519 -8.90649 10.3519 -123.95
GPRESSURE: 75 -12884.6 -102.885 -29.1257 -73.6388 -13212.9 410.1 256.844 494.301 -13244.1
ENERGY:      75        71.5542       234.5500       265.5321        13.0997         -21292.4417       735.1454         0.0000         0.0000         0.0000         -19972.5602         0.0000    -19972.5602    -19972.5602         0.0000           -128.8656    -13113.8637     86856.0000      -128.8656    -13113.8637

PRESSURE: 76 -105.323 4.57538 -7.04253 4.57538 -149.813 9.43349 -7.04253 9.43349 -119.38
GPRESSURE: 76 -12974.6 -120.908 62.495 -36.5309 -13261.1 460.216 265.83 490.906 -13327.4
ENERGY:      76       219.2584       272.6023       265.4728        16.0015         -21410.5334       733.9418         0.0000         0.0000         0.0000         -19903.2566         0.0000    -19903.2566    -19903.2566         0.0000           -124.8385    -13187.6896     86856.0000      -124.8385    -13187.6896

LINE MINIMIZER BRACKET: DX 0.00096098 0.00096098 DU -180.544 69.3036 DUDX -317002 -58703.5 202121 
PRESSURE: 77 -107.436 5.50574 -8.4933 5.50574 -153.449 10.1573 -8.4933 10.1573 -122.879
GPRESSURE: 77 -12905.5 -107.21 -9.37674 -65.5739 -13223.7 421.387 258.404 493.8 -13262.4
ENERGY:      77        89.6626       239.3177       265.4775        13.5302         -21320.6494       733.9653         0.0000         0.0000         0.0000         -19978.6962         0.0000    -19978.6962    -19978.6962         0.0000           -127.9215    -13130.5206     86856.0000      -127.9215    -13130.5206

LINE MINIMIZER BRACKET: DX 0.000215611 0.000745369 DU -6.13599 75.4396 DUDX -58703.5 -451.959 202121 
PRESSURE: 78 -107.212 5.41595 -8.34593 5.41595 -153.07 10.0889 -8.34593 10.0889 -122.508
GPRESSURE: 78 -12912.6 -108.698 -2.39912 -62.7524 -13227.4 425.34 258.995 493.597 -13268.8
ENERGY:      78        97.9395       241.4781       265.4649        13.7071         -21330.2087       733.6789         0.0000         0.0000         0.0000         -19977.9403         0.0000    -19977.9403    -19977.9403         0.0000           -127.5966    -13136.2763     86856.0000      -127.5966    -13136.2763

LINE MINIMIZER BRACKET: DX 0.000215611 7.45369e-05 DU -6.13599 0.755932 DUDX -58703.5 -451.959 19747.9 
PRESSURE: 79 -107.414 5.49695 -8.47871 5.49695 -153.411 10.1506 -8.47871 10.1506 -122.842
GPRESSURE: 79 -12906.2 -107.359 -8.69245 -65.2977 -13224.1 421.79 258.465 493.789 -13263.1
ENERGY:      79        90.4437       239.5218       265.4761        13.5472         -21321.6015       733.9342         0.0000         0.0000         0.0000         -19978.6785         0.0000    -19978.6785    -19978.6785         0.0000           -127.8889    -13131.0969     86856.0000      -127.8889    -13131.0969

LINE MINIMIZER BRACKET: DX 0.000215611 7.45369e-06 DU -6.13599 0.0176862 DUDX -58703.5 -451.959 1567.27 
PRESSURE: 80 -107.435 5.50502 -8.49183 5.50502 -153.445 10.1568 -8.49183 10.1568 -122.875
GPRESSURE: 80 -12905.5 -107.228 -9.31029 -65.5445 -13223.7 421.43 258.414 493.809 -13262.5
ETITLE:      TS           BOND          ANGLE          DIHED          IMPRP               ELECT            VDW       BOUNDARY           MISC        KINETIC               TOTAL           TEMP      POTENTIAL         TOTAL3        TEMPAVG            PRESSURE      GPRESSURE         VOLUME       PRESSAVG      GPRESSAVG

ENERGY:      80        89.7401       239.3379       265.4773        13.5319         -21320.7458       733.9624         0.0000         0.0000         0.0000         -19978.6961         0.0000    -19978.6961    -19978.6961         0.0000           -127.9183    -13130.5775     86856.0000      -127.9183    -13130.5775

LINE MINIMIZER BRACKET: DX 0.000215611 7.45369e-07 DU -6.13599 4.70219e-05 DUDX -58703.5 -451.959 -250.627 
PRESSURE: 81 -107.437 5.50586 -8.49341 5.50586 -153.449 10.1573 -8.49341 10.1573 -122.879
GPRESSURE: 81 -12905.5 -107.209 -9.37766 -65.5752 -13223.7 421.387 258.405 493.801 -13262.4
ENERGY:      81        89.6626       239.3176       265.4775        13.5302         -21320.6449       733.9653         0.0000         0.0000         0.0000         -19978.6918         0.0000    -19978.6918    -19978.6918         0.0000           -127.9216    -13130.5200     86856.0000      -127.9216    -13130.5200

LINE MINIMIZER REDUCING GRADIENT FROM 326004 TO 326.004
PRESSURE: 82 -103.395 4.57748 -7.27803 4.57748 -149.521 8.94624 -7.27803 8.94624 -118.68
GPRESSURE: 82 -13044.1 -89.8481 70.1145 -99.832 -13321.2 467.888 243.885 489.905 -13370
ENERGY:      82        65.6829       239.3452       264.2924         8.9049         -21458.8130       732.9339         0.0000         0.0000         0.0000         -20147.6537         0.0000    -20147.6537    -20147.6537         0.0000           -123.8654    -13245.0668     86856.0000      -123.8654    -13245.0668

PRESSURE: 83 -99.9699 3.58689 -6.17058 3.58689 -146.119 7.70032 -6.17058 7.70032 -115.262
GPRESSURE: 83 -13180.5 -60.2212 169.171 -123.908 -13429.1 509.164 249.102 483.141 -13487.4
ENERGY:      83       209.3982       291.0885       265.2673         8.9905         -21574.5587       744.2988         0.0000         0.0000         0.0000         -20055.5154         0.0000    -20055.5154    -20055.5154         0.0000           -120.4503    -13365.6661     86856.0000      -120.4503    -13365.6661

LINE MINIMIZER BRACKET: DX 0.000918851 0.000918851 DU -168.962 92.1383 DUDX -326004 -42247.2 240930 
PRESSURE: 84 -102.857 4.45117 -7.12032 4.45117 -149 8.76372 -7.12032 8.76372 -118.144
GPRESSURE: 84 -13064.4 -86.2578 83.3111 -103.965 -13336.5 474.299 243.468 489.017 -13386.6
ENERGY:      84        76.4541       243.6620       264.3042         8.6324         -21477.2455       733.8230         0.0000         0.0000         0.0000         -20150.3698         0.0000    -20150.3698    -20150.3698         0.0000           -123.3335    -13262.5068     86856.0000      -123.3335    -13262.5068

LINE MINIMIZER BRACKET: DX 0.000136185 0.000782666 DU -2.71604 94.8543 DUDX -42247.2 -381.794 240930 
PRESSURE: 85 -102.549 4.36725 -7.02215 4.36725 -148.695 8.65853 -7.02215 8.65853 -117.831
GPRESSURE: 85 -13076.2 -84.0022 91.2875 -106.23 -13345.4 478.037 243.413 488.573 -13396.4
ENERGY:      85        84.3167       246.6760       264.3326         8.5215         -21487.7185       734.4581         0.0000         0.0000         0.0000         -20149.4136         0.0000    -20149.4136    -20149.4136         0.0000           -123.0246    -13272.6368     86856.0000      -123.0246    -13272.6368

LINE MINIMIZER BRACKET: DX 0.000136185 7.82666e-05 DU -2.71604 0.956175 DUDX -42247.2 -381.794 23776.6 
PRESSURE: 86 -102.825 4.44298 -7.11042 4.44298 -148.969 8.75335 -7.11042 8.75335 -118.113
GPRESSURE: 86 -13065.6 -86.04 84.0986 -104.203 -13337.4 474.678 243.457 488.969 -13387.6
ENERGY:      86        77.1857       243.9462       264.3063         8.6198         -21478.2951       733.8822         0.0000         0.0000         0.0000         -20150.3548         0.0000    -20150.3548    -20150.3548         0.0000           -123.3025    -13263.5168     86856.0000      -123.3025    -13263.5168

LINE MINIMIZER BRACKET: DX 0.000136185 7.82666e-06 DU -2.71604 0.0149756 DUDX -42247.2 -381.794 2033.51 
PRESSURE: 87 -102.853 4.45053 -7.11927 4.45053 -148.997 8.76267 -7.11927 8.76267 -118.141
GPRESSURE: 87 -13064.5 -86.2391 83.3865 -103.995 -13336.6 474.34 243.467 489.013 -13386.7
ENERGY:      87        76.5268       243.6900       264.3043         8.6311         -21477.3539       733.8292         0.0000         0.0000         0.0000         -20150.3724         0.0000    -20150.3724    -20150.3724         0.0000           -123.3305    -13262.6048     86856.0000      -123.3305    -13262.6048

LINE MINIMIZER BRACKET: DX 7.82666e-07 7.04399e-06 DU -0.00265326 0.0176288 DUDX -381.794 -141.03 2033.51 
LINE MINIMIZER REDUCING GRADIENT FROM 206277 TO 206.277
PRESSURE: 88 -99.9682 3.57712 -6.93499 3.57712 -144.617 8.0254 -6.93499 8.0254 -113.019
GPRESSURE: 88 -13059.6 -89.965 -11.6438 -48.8849 -13385.6 458.341 209.594 519.724 -13495.5
ENERGY:      88        66.7162       233.9048       262.7506         8.9374         -21606.8696       735.2459         0.0000         0.0000         0.0000         -20299.3148         0.0000    -20299.3148    -20299.3148         0.0000           -119.2013    -13313.5996     86856.0000      -119.2013    -13313.5996

PRESSURE: 89 -97.5 2.61624 -6.74342 2.61624 -140.666 7.22436 -6.74342 7.22436 -108.504
GPRESSURE: 89 -13076 -79.0618 -102.615 20.5344 -13457.2 432.119 181.218 544.378 -13613.2
ENERGY:      89       192.5225       273.7366       263.2877        14.5477         -21718.0863       747.1611         0.0000         0.0000         0.0000         -20226.8307         0.0000    -20226.8307    -20226.8307         0.0000           -115.5565    -13382.1285     86856.0000      -115.5565    -13382.1285

LINE MINIMIZER BRACKET: DX 0.0012611 0.0012611 DU -148.942 72.4842 DUDX -206277 -30113.6 143890 
PRESSURE: 90 -99.5179 3.43175 -6.90681 3.43175 -143.925 7.89508 -6.90681 7.89508 -112.205
GPRESSURE: 90 -13061 -89.0209 -27.7493 -37.9696 -13396.3 454.666 204.216 524.315 -13515.2
ETITLE:      TS           BOND          ANGLE          DIHED          IMPRP               ELECT            VDW       BOUNDARY           MISC        KINETIC               TOTAL           TEMP      POTENTIAL         TOTAL3        TEMPAVG            PRESSURE      GPRESSURE         VOLUME       PRESSAVG      GPRESSAVG

ENERGY:      90        78.6818       237.2512       262.6850         9.5705         -21627.1926       736.5344         0.0000         0.0000         0.0000         -20302.4698         0.0000    -20302.4698    -20302.4698         0.0000           -118.5491    -13324.1670     86856.0000      -118.5491    -13324.1670

LINE MINIMIZER BRACKET: DX 0.000216782 0.00104431 DU -3.15494 75.6391 DUDX -30113.6 -65.379 143890 
LINE MINIMIZER REDUCING GRADIENT FROM 202127 TO 202.127
PRESSURE: 91 -96.552 2.67119 -6.83463 2.67119 -140.944 6.86361 -6.83463 6.86361 -109.75
GPRESSURE: 91 -13194 -145.543 -1.8706 -56.2566 -13442 433.246 132.466 456.512 -13532.4
ENERGY:      91        67.1553       233.7551       261.8738        10.1859         -21732.0935       742.5523         0.0000         0.0000         0.0000         -20416.5711         0.0000    -20416.5711    -20416.5711         0.0000           -115.7485    -13389.4550     86856.0000      -115.7485    -13389.4550

PRESSURE: 92 -93.9157 1.91261 -6.76947 1.91261 -138.195 5.82638 -6.76947 5.82638 -107.632
GPRESSURE: 92 -13330.7 -200.068 32.2403 -73.4559 -13488.9 412.113 70.7562 388.457 -13554.6
ENERGY:      92       161.9192       259.6362       261.4778        11.7376         -21826.0168       754.8279         0.0000         0.0000         0.0000         -20376.4181         0.0000    -20376.4181    -20376.4181         0.0000           -113.2474    -13458.0614     86856.0000      -113.2474    -13458.0614

LINE MINIMIZER BRACKET: DX 0.000944066 0.000944066 DU -114.101 40.153 DUDX -202127 -39494.6 124274 
PRESSURE: 93 -95.8884 2.49362 -6.81736 2.49362 -140.269 6.61704 -6.81736 6.61704 -109.209
GPRESSURE: 93 -13226.5 -158.827 5.58689 -60.5493 -13453.2 428.115 116.673 440.107 -13537.2
ENERGY:      93        80.2901       237.2476       261.7402        10.4735         -21755.6636       744.9195         0.0000         0.0000         0.0000         -20420.9927         0.0000    -20420.9927    -20420.9927         0.0000           -115.1220    -13405.6488     86856.0000      -115.1220    -13405.6488

LINE MINIMIZER BRACKET: DX 0.000227277 0.000716789 DU -4.42166 44.5747 DUDX -39494.6 -194.776 124274 
LINE MINIMIZER REDUCING GRADIENT FROM 209298 TO 209.298
PRESSURE: 94 -93.7446 2.00184 -7.41394 2.00184 -137.433 5.84087 -7.41394 5.84087 -105.837
GPRESSURE: 94 -13254.1 -146.304 46.8968 -36.222 -13462.9 440.11 122.028 393.79 -13588.3
ENERGY:      94        72.0454       225.3164       261.8271         9.7369         -21862.9218       752.0930         0.0000         0.0000         0.0000         -20541.9032         0.0000    -20541.9032    -20541.9032         0.0000           -112.3382    -13435.1161     86856.0000      -112.3382    -13435.1161

PRESSURE: 95 -91.9135 1.48341 -7.99654 1.48341 -134.849 5.04139 -7.99654 5.04139 -102.798
GPRESSURE: 95 -13286.6 -127.064 85.6069 -3.70101 -13473 449.736 123.453 345.509 -13646.6
ENERGY:      95       147.9250       244.4838       262.6411        12.8486         -21957.9939       766.0824         0.0000         0.0000         0.0000         -20524.0129         0.0000    -20524.0129    -20524.0129         0.0000           -109.8535    -13468.7160     86856.0000      -109.8535    -13468.7160

LINE MINIMIZER BRACKET: DX 0.000912027 0.000912027 DU -120.91 17.8903 DUDX -209298 -56382.2 94228.5 
PRESSURE: 96 -93.0295 1.81696 -7.62848 1.81696 -136.452 5.54994 -7.62848 5.54994 -104.669
GPRESSURE: 96 -13265.6 -139.75 61.6574 -24.957 -13466.9 444.033 123.095 376.227 -13609.1
ENERGY:      96        90.4077       228.7848       262.0629        10.5164         -21899.5677       756.4678         0.0000         0.0000         0.0000         -20551.3281         0.0000    -20551.3281    -20551.3281         0.0000           -111.3835    -13447.1842     86856.0000      -111.3835    -13447.1842

LINE MINIMIZER BRACKET: DX 0.000338312 0.000573716 DU -9.42498 27.3152 DUDX -56382.2 -279.014 94228.5 
PRESSURE: 97 -92.9125 1.78435 -7.66545 1.78435 -136.287 5.49966 -7.66545 5.49966 -104.476
GPRESSURE: 97 -13267.6 -138.566 64.1218 -22.9318 -13467.6 444.67 123.226 373.22 -13612.7
ENERGY:      97        94.6685       229.7991       262.1110        10.6953         -21905.6468       757.3035         0.0000         0.0000         0.0000         -20551.0693         0.0000    -20551.0693    -20551.0693         0.0000           -111.2251    -13449.2919     86856.0000      -111.2251    -13449.2919

LINE MINIMIZER BRACKET: DX 0.000338312 5.73716e-05 DU -9.42498 0.25883 DUDX -56382.2 -279.014 9213.84 
PRESSURE: 98 -93.0178 1.81379 -7.63237 1.81379 -136.435 5.54487 -7.63237 5.54487 -104.65
GPRESSURE: 98 -13265.8 -139.623 61.9003 -24.7624 -13467 444.1 123.116 375.926 -13609.4
ENERGY:      98        90.8187       228.8807       262.0676        10.5337         -21900.1987       756.5488         0.0000         0.0000         0.0000         -20551.3492         0.0000    -20551.3492    -20551.3492         0.0000           -111.3676    -13447.3921     86856.0000      -111.3676    -13447.3921

LINE MINIMIZER BRACKET: DX 5.73716e-06 5.16344e-05 DU -0.0210816 0.279912 DUDX -279.014 670.241 9213.84 
PRESSURE: 99 -93.0191 1.8141 -7.63172 1.8141 -136.437 5.54553 -7.63172 5.54553 -104.652
GPRESSURE: 99 -13265.8 -139.64 61.8771 -24.7864 -13467 444.102 123.114 375.959 -13609.4
ENERGY:      99        90.7775       228.8710       262.0671        10.5320         -21900.1298       756.5412         0.0000         0.0000         0.0000         -20551.3410         0.0000    -20551.3410    -20551.3410         0.0000           -111.3692    -13447.3730     86856.0000      -111.3692    -13447.3730

LDB: ============= START OF LOAD BALANCING ============== 13.8922
LDB: ============== END OF LOAD BALANCING =============== 13.8922
LDB: =============== DONE WITH MIGRATION ================ 13.8923
LINE MINIMIZER BRACKET: DX 5.73716e-07 5.16344e-05 DU -0.00816474 0.279912 DUDX 575.454 670.241 9213.84 
PRESSURE: 100 -93.0178 1.81378 -7.63238 1.81378 -136.435 5.54487 -7.63238 5.54487 -104.65
GPRESSURE: 100 -13265.8 -139.622 61.9003 -24.7631 -13467 444.102 123.116 375.926 -13609.4
Info: Initial time: 1 CPUs 0.00207694 s/step 0.0120193 days/ns 375.938 MB memory
ETITLE:      TS           BOND          ANGLE          DIHED          IMPRP               ELECT            VDW       BOUNDARY           MISC        KINETIC               TOTAL           TEMP      POTENTIAL         TOTAL3        TEMPAVG            PRESSURE      GPRESSURE         VOLUME       PRESSAVG      GPRESSAVG

ENERGY:     100        90.8187       228.8807       262.0676        10.5337         -21900.1953       756.5488         0.0000         0.0000         0.0000         -20551.3458         0.0000    -20551.3458    -20551.3458         0.0000           -111.3676    -13447.3922     86856.0000      -111.3676    -13447.3922

REINITIALIZING VELOCITIES AT STEP 100 TO 310 KELVIN.
TCL: Running for 2500 steps
PRESSURE: 100 -3976.87 26.1616 77.6023 26.1619 -4180.93 210.329 77.5988 210.324 -4347.86
GPRESSURE: 100 -4039.44 -76.4617 54.0796 -8.95887 -4144.46 138.182 58.0314 83.566 -4224.25
ENERGY:     100        90.8187       228.8807       262.0676        10.5337         -21900.1953       756.5488         0.0000         0.0000      4471.6428         -16079.7030       306.0709    -20551.3458    -16088.4770       306.0709          -4168.5531     -4136.0489     86856.0000     -4168.5531     -4136.0489

LDB: ============= START OF LOAD BALANCING ============== 14.0145
LDB: ============== END OF LOAD BALANCING =============== 14.0145
LDB: =============== DONE WITH MIGRATION ================ 14.0146
Info: Initial time: 1 CPUs 0.00250816 s/step 0.0145148 days/ns 376.254 MB memory
LDB: ============= START OF LOAD BALANCING ============== 14.134
LDB: ============== END OF LOAD BALANCING =============== 14.1341
LDB: =============== DONE WITH MIGRATION ================ 14.1341
PRESSURE: 200 -466.459 500.479 314.048 500.474 735.251 252.656 314.048 252.651 160.072
GPRESSURE: 200 -346.736 537.032 197.5 372.68 738.342 256.975 321.37 320.226 99.955
PRESSAVG: 200 -239.552 140.148 59.4196 140.147 24.342 307.564 59.4195 307.564 115.433
GPRESSAVG: 200 -233.175 154.519 48.7781 133.966 24.9123 317.188 65.7486 300.935 110.226
Info: Benchmark time: 1 CPUs 0.00238948 s/step 0.013828 days/ns 376.453 MB memory
ENERGY:     200       177.4840       562.2097       304.0533        40.1110         -23078.7233      1685.6939         0.0000         0.0000      4262.3876         -16046.7839       291.7480    -20309.1715    -16038.9842       268.7585            142.9546       163.8538     78712.7849       -33.2590       -32.6789

Info: Benchmark time: 1 CPUs 0.00238568 s/step 0.013806 days/ns 376.758 MB memory
OPENING COORDINATE DCD FILE
WRITING COORDINATES TO DCD FILE output_files/ubq_wb_eq.dcd AT STEP 250
The last position output (seq=250) takes 0.002 seconds, 376.758 MB of memory in use
PRESSURE: 300 -161.09 -95.3071 -199.615 -95.3059 163.862 77.8246 -199.614 77.8222 119.715
GPRESSURE: 300 -290.868 -55.3565 -225.06 21.1349 312.108 9.65705 -350.531 126.499 199.505
PRESSAVG: 300 98.8061 5.1056 -232.848 5.10572 -147.268 153.478 -232.848 153.478 17.7294
GPRESSAVG: 300 96.4977 -15.2667 -218.683 20.9039 -148.642 155.485 -245.686 163.944 22.0799
Info: Benchmark time: 1 CPUs 0.00241702 s/step 0.0139874 days/ns 376.836 MB memory
ENERGY:     300       162.7444       601.7916       299.0524        40.7213         -23215.1511      1600.5924         0.0000         0.0000      4475.5497         -16034.6994       306.3383    -20510.2491    -16021.3537       301.1964             40.8293        73.5814     76698.1787       -10.2441       -10.0215

Info: Benchmark time: 1 CPUs 0.00250846 s/step 0.0145165 days/ns 376.836 MB memory
PRESSURE: 400 165.023 474.265 568.016 474.264 199.467 558.866 568.019 558.87 287.56
GPRESSURE: 400 200.929 519.923 647.145 433.477 215.805 585.63 541.97 445.606 358.084
PRESSAVG: 400 27.7536 108.88 174.994 108.88 66.1671 25.8914 174.994 25.8913 -3.568
GPRESSAVG: 400 32.8788 105.027 163.216 109.936 61.0508 19.9869 189.876 22.5731 -3.1033
Info: Benchmark time: 1 CPUs 0.0025002 s/step 0.0144688 days/ns 376.836 MB memory
ENERGY:     400       171.0352       583.6000       301.1915        34.5460         -23267.0301      1516.9085         0.0000         0.0000      4590.2809         -16069.4681       314.1913    -20659.7490    -16054.4681       310.1576            217.3496       258.2725     74144.9033        30.1175        30.2754

Info: Benchmark time: 1 CPUs 0.00246778 s/step 0.0142811 days/ns 376.961 MB memory
PRESSURE: 500 -412.8 -129.403 468.404 -129.404 -721.69 -122.06 468.403 -122.062 -216.388
GPRESSURE: 500 -340.064 -212.27 527.752 -218.783 -672.042 -109.936 575.961 -169.161 -245.899
PRESSAVG: 500 96.9148 182.361 399.532 182.361 -60.6719 78.7218 399.533 78.7216 17.5609
GPRESSAVG: 500 91.3147 188.215 399.921 179.674 -45.0374 80.9415 397.098 76.4219 8.81009
ENERGY:     500       212.6488       591.1903       317.2963        46.7793         -23268.3792      1448.9955         0.0000         0.0000      4625.6767         -16025.7924       316.6140    -20651.4691    -16011.9771       313.1450           -450.2924      -419.3349     72824.8606        17.9346        18.3625

WRITING EXTENDED SYSTEM TO RESTART FILE AT STEP 500
WRITING COORDINATES TO DCD FILE output_files/ubq_wb_eq.dcd AT STEP 500
WRITING COORDINATES TO RESTART FILE AT STEP 500
FINISHED WRITING RESTART COORDINATES
The last position output (seq=500) takes 0.003 seconds, 377.883 MB of memory in use
WRITING VELOCITIES TO RESTART FILE AT STEP 500
FINISHED WRITING RESTART VELOCITIES
The last velocity output (seq=500) takes 0.003 seconds, 377.883 MB of memory in use
PRESSURE: 600 -122.58 163.498 -121.34 163.5 398.485 -305.77 -121.344 -305.766 90.7658
GPRESSURE: 600 -96.1618 59.1897 -322.717 125.369 295.425 -123.997 -125.123 -372.449 240.857
PRESSAVG: 600 191.721 85.1706 20.7337 85.1705 -148.413 -60.9137 20.7339 -60.9134 -31.4852
GPRESSAVG: 600 195.477 93.8506 21.7128 84.0601 -162.837 -66.9007 16.1233 -51.6113 -21.364
ENERGY:     600       190.7921       583.7924       319.1063        33.5742         -23448.4245      1519.9300         0.0000         0.0000      4656.4724         -16144.7569       318.7219    -20801.2294    -16130.2589       313.4341            122.2234       146.7065     71593.3550         3.9407         3.7586

PRESSURE: 700 526.537 -242.838 101.196 -242.841 -153.16 18.2066 101.202 18.2071 204.668
GPRESSURE: 700 528.567 -472.039 315.458 -124.132 -146.062 14.1822 -207.33 143.971 237.814
PRESSAVG: 700 8.02313 -34.3477 223.093 -34.3473 -19.9875 3.65232 223.093 3.65257 -25.2389
GPRESSAVG: 700 7.77762 -44.6673 228.931 -26.4514 -16.397 -0.171444 212.018 -5.44317 -28.9181
ENERGY:     700       209.0890       622.5843       323.1300        36.3673         -23528.5169      1561.3522         0.0000         0.0000      4596.5718         -16179.4223       314.6219    -20775.9941    -16160.6849       315.1812            192.6815       206.7728     71177.7634       -12.4011       -12.5125

WRITING COORDINATES TO DCD FILE output_files/ubq_wb_eq.dcd AT STEP 750
The last position output (seq=750) takes 0.000 seconds, 377.883 MB of memory in use
PRESSURE: 800 -230.144 310.437 -460.888 310.439 -607.231 500.444 -460.884 500.443 168.108
GPRESSURE: 800 -183.197 342.906 -361.888 236.043 -495.865 626.201 -619.733 428.376 78.8339
PRESSAVG: 800 -152.075 -201.573 -140.256 -201.574 -0.120715 93.1701 -140.256 93.1699 151.531
GPRESSAVG: 800 -153.422 -194.071 -145.364 -219.711 -0.303015 93.7007 -137.983 100.071 151.998
ENERGY:     800       216.6909       663.5234       339.8259        43.0117         -23639.8465      1520.7644         0.0000         0.0000      4652.1384         -16203.8918       318.4253    -20856.0302    -16186.6915       316.3090           -223.0892      -200.0761     70444.5437        -0.2217        -0.5759

PRESSURE: 900 93.2502 -140.764 76.1997 -140.765 821.001 266.617 76.1982 266.615 667.755
GPRESSURE: 900 -59.2589 41.002 163.082 -12.524 1084.05 340.613 -50.0556 345.894 607.236
PRESSAVG: 900 78.8928 182.84 -321.248 182.84 -211.457 38.7645 -321.248 38.764 112.799
GPRESSAVG: 900 75.9506 188.233 -309.335 187.979 -209.894 33.3946 -326.619 42.7966 115.114
ENERGY:     900       217.3465       631.6546       310.6832        43.9441         -23662.1910      1554.0628         0.0000         0.0000      4665.4365         -16239.0633       319.3355    -20904.4998    -16223.6202       318.8541            527.3354       544.0093     69989.1667        -6.5884        -6.2766

PRESSURE: 1000 -608.429 87.2833 148.509 87.284 465.576 -272.833 148.514 -272.829 409.133
GPRESSURE: 1000 -498.573 -29.6384 403.775 6.43482 446.341 -334.399 15.8863 -241.968 386.802
PRESSAVG: 1000 -90.0834 1.89937 15.2959 1.89856 -149.834 -163.827 15.2957 -163.827 307.658
GPRESSAVG: 1000 -89.243 -7.99785 2.84105 10.5328 -157.193 -152.219 40.1658 -169.789 313.174
ETITLE:      TS           BOND          ANGLE          DIHED          IMPRP               ELECT            VDW       BOUNDARY           MISC        KINETIC               TOTAL           TEMP      POTENTIAL         TOTAL3        TEMPAVG            PRESSURE      GPRESSURE         VOLUME       PRESSAVG      GPRESSAVG

ENERGY:    1000       217.3941       658.0007       302.5150        39.8218         -23601.7520      1522.7443         0.0000         0.0000      4588.0005         -16273.2756       314.0352    -20861.2761    -16256.8497       315.7932             88.7599       111.5231     69568.6548        22.5802        22.2462

WRITING EXTENDED SYSTEM TO RESTART FILE AT STEP 1000
WRITING COORDINATES TO DCD FILE output_files/ubq_wb_eq.dcd AT STEP 1000
WRITING COORDINATES TO RESTART FILE AT STEP 1000
FINISHED WRITING RESTART COORDINATES
The last position output (seq=1000) takes 0.003 seconds, 378.305 MB of memory in use
WRITING VELOCITIES TO RESTART FILE AT STEP 1000
FINISHED WRITING RESTART VELOCITIES
The last velocity output (seq=1000) takes 0.003 seconds, 378.305 MB of memory in use
PRESSURE: 1100 130.628 -458.174 -557.913 -458.172 76.3677 -740.497 -557.92 -740.496 44.7519
GPRESSURE: 1100 49.3613 -474.657 -375.562 -469.154 101.573 -429.683 -540.837 -643.199 138.673
PRESSAVG: 1100 17.7429 -153.42 3.47794 -153.419 -161.873 -193.886 3.47849 -193.886 145.965
GPRESSAVG: 1100 12.5044 -152.083 13.2085 -159.312 -154.792 -207.53 -9.016 -187.503 142.047
ENERGY:    1100       218.3299       647.4435       313.1398        46.5076         -23756.5047      1569.7705         0.0000         0.0000      4644.8358         -16316.4774       317.9254    -20961.3132    -16296.0566       315.3341             83.9159        96.5357     69922.7407         0.6118        -0.0803

PRESSURE: 1200 582.668 -623.106 -135.402 -623.104 1.34008 -353.472 -135.402 -353.471 -274.664
GPRESSURE: 1200 494.253 -549.454 -77.9881 -614.276 40.6811 -447.336 -76.4211 -381.8 -158.657
PRESSAVG: 1200 45.6864 -74.6099 -117.152 -74.6094 -29.6542 -6.22623 -117.152 -6.22632 -45.4414
GPRESSAVG: 1200 52.2804 -82.6532 -121.653 -69.3968 -30.7464 9.26009 -113.031 -15.7791 -50.1498
ENERGY:    1200       219.3781       678.4677       303.2942        45.3814         -23706.0496      1549.9838         0.0000         0.0000      4573.6823         -16335.8621       313.0552    -20909.5444    -16318.6366       314.8435            103.1148       125.4256     70114.6554        -9.8031        -9.5386

WRITING COORDINATES TO DCD FILE output_files/ubq_wb_eq.dcd AT STEP 1250
The last position output (seq=1250) takes 0.000 seconds, 378.305 MB of memory in use
PRESSURE: 1300 -89.6965 246.384 -9.29099 246.381 752.319 91.1246 -9.28633 91.1246 -190.637
GPRESSURE: 1300 -148.805 15.7159 82.2036 113.109 839.119 413.993 134.918 104.139 -151.565
PRESSAVG: 1300 61.2575 18.9155 -80.1734 18.9158 -294.212 -16.4879 -80.1737 -16.488 181.034
GPRESSAVG: 1300 53.1433 27.0923 -72.5951 19.165 -291.131 -19.9078 -82.0617 -4.75059 189.936
ENERGY:    1300       218.1037       703.9447       299.8239        39.6316         -23663.9999      1476.9685         0.0000         0.0000      4571.0355         -16354.4919       312.8740    -20925.5275    -16337.1701       314.4068            157.3287       179.5830     69757.3574       -17.3069       -16.0171

PRESSURE: 1400 599.824 -18.3125 -333.836 -18.3111 455.504 507.781 -333.844 507.783 1079.93
GPRESSURE: 1400 559.981 -132.028 -368.113 2.18532 473.439 429.812 -175.319 313.026 1186.59
PRESSAVG: 1400 -130.513 -219.746 -44.794 -219.745 -6.26922 99.132 -44.7944 99.1322 76.8181
GPRESSAVG: 1400 -125.138 -216.849 -66.6435 -217.101 -2.32375 89.2915 -42.0897 85.6302 67.4343
ENERGY:    1400       223.7110       677.5160       310.5629        46.5038         -23847.9186      1554.3055         0.0000         0.0000      4636.0864         -16399.2330       317.3266    -21035.3194    -16380.0151       317.3734            711.7525       740.0037     69181.5328       -19.9879       -20.0092

PRESSURE: 1500 -789.062 260.263 -375.238 260.26 -650.826 281.261 -375.24 281.261 -162.938
GPRESSURE: 1500 -789.415 307.088 -168.719 107.146 -622.783 439.296 -568.198 -16.9297 -90.8351
PRESSAVG: 1500 -41.2044 -141.323 21.322 -141.324 63.0584 302.48 21.3219 302.48 47.1843
GPRESSAVG: 1500 -42.9234 -143.98 29.1601 -148.253 61.203 304.577 16.6887 313.02 49.0927
ENERGY:    1500       242.4026       692.1000       321.2369        41.2285         -23775.5654      1477.3574         0.0000         0.0000      4599.6827         -16401.5573       314.8348    -21001.2401    -16383.2388       315.2033           -534.2752      -501.0111     69504.0913        23.0128        22.4574

WRITING EXTENDED SYSTEM TO RESTART FILE AT STEP 1500
WRITING COORDINATES TO DCD FILE output_files/ubq_wb_eq.dcd AT STEP 1500
WRITING COORDINATES TO RESTART FILE AT STEP 1500
FINISHED WRITING RESTART COORDINATES
The last position output (seq=1500) takes 0.004 seconds, 378.305 MB of memory in use
WRITING VELOCITIES TO RESTART FILE AT STEP 1500
FINISHED WRITING RESTART VELOCITIES
The last velocity output (seq=1500) takes 0.003 seconds, 378.305 MB of memory in use
PRESSURE: 1600 -728.086 274.74 -155.99 274.741 271.928 -19.8729 -155.995 -19.8743 -430.9
GPRESSURE: 1600 -579.738 89.0485 81.246 168.555 324.645 15.3 -432.073 374.68 -554.007
PRESSAVG: 1600 154.486 22.4011 178.085 22.4011 61.2058 215.289 178.086 215.289 14.7092
GPRESSAVG: 1600 156.307 16.4701 201.109 23.2938 53.5892 221.36 168.059 211.54 18.5849
ENERGY:    1600       235.8165       693.1494       302.7666        40.7255         -23905.1620      1578.8980         0.0000         0.0000      4624.5078         -16429.2983       316.5340    -21053.8061    -16412.5943       312.3533           -295.6857      -269.7001     69580.7545        76.8002        76.1603

PRESSURE: 1700 -538.666 53.1043 -268.721 53.1045 -764.266 870.666 -268.716 870.669 544.868
GPRESSURE: 1700 -485.501 -41.0716 -31.4578 119.977 -690.089 847.992 -401.186 665.06 474.876
PRESSAVG: 1700 -21.4137 83.9429 -94.3682 83.9426 -351.252 129.464 -94.3676 129.464 391.908
GPRESSAVG: 1700 -24.1026 103.167 -101.028 84.2175 -344.038 136.011 -88.2815 123.063 387.239
ENERGY:    1700       241.2787       699.7696       306.4501        40.1287         -23914.2184      1557.0555         0.0000         0.0000      4595.7716         -16473.7641       314.5671    -21069.5357    -16455.7915       314.0703           -252.6880      -233.5714     69301.5256         6.4140         6.3663

WRITING COORDINATES TO DCD FILE output_files/ubq_wb_eq.dcd AT STEP 1750
The last position output (seq=1750) takes 0.000 seconds, 378.367 MB of memory in use
PRESSURE: 1800 -3.46299 416.053 271.49 416.053 23.8967 108.857 271.485 108.859 483.944
GPRESSURE: 1800 -38.129 115.574 389.925 729.137 111.923 56.5337 279.641 150.752 472.379
PRESSAVG: 1800 -85.2722 53.3876 49.2201 53.3877 -139.53 150.12 49.2202 150.12 156.306
GPRESSAVG: 1800 -85.7637 44.7112 42.0119 60.0681 -139.782 151.363 51.5861 155.525 158.54
ENERGY:    1800       239.6391       657.1227       302.9905        55.2389         -23853.5676      1539.6037         0.0000         0.0000      4567.2883         -16491.6845       312.6175    -21058.9728    -16472.9082       311.9009            168.1258       182.0577     69556.1784       -22.8321       -22.3352

PRESSURE: 1900 -30.921 2.63173 307.914 2.63752 880.063 -484.334 307.914 -484.334 559.686
GPRESSURE: 1900 60.3215 -322.515 362.733 104.725 931.479 -625.184 300.754 -480.117 479.032
PRESSAVG: 1900 85.4731 155.032 -4.52569 155.031 -56.7907 -24.425 -4.52581 -24.4249 29.8828
GPRESSAVG: 1900 85.8632 148.469 -15.4483 152.171 -61.5291 -27.3986 -4.18563 -30.8662 32.6575
ENERGY:    1900       232.4242       682.9526       319.2365        41.2263         -23946.1257      1584.1791         0.0000         0.0000      4569.9513         -16516.1557       312.7998    -21086.1070    -16497.4985       311.8617            469.6093       490.2776     69470.3761        19.5217        18.9972

PRESSURE: 2000 136.66 32.8289 -119.467 32.8349 -195.99 -735.345 -119.465 -735.341 575.012
GPRESSURE: 2000 85.0588 90.5603 -78.8091 31.5528 -182.456 -739.786 66.2748 -451.764 684.234
PRESSAVG: 2000 95.9242 173.327 333.317 173.327 89.652 -75.2512 333.318 -75.2516 -11.4678
GPRESSAVG: 2000 94.6809 172.874 338.965 168.652 89.6733 -81.1338 340.258 -59.6975 -12.8039
TIMING: 2000  CPU: 4.81008, 0.00239116/step  Wall: 4.83102, 0.0024048/step, 0.0004008 hours remaining, 378.367188 MB of memory in use.
ETITLE:      TS           BOND          ANGLE          DIHED          IMPRP               ELECT            VDW       BOUNDARY           MISC        KINETIC               TOTAL           TEMP      POTENTIAL         TOTAL3        TEMPAVG            PRESSURE      GPRESSURE         VOLUME       PRESSAVG      GPRESSAVG

ENERGY:    2000       216.9919       692.9335       316.4674        37.3275         -23863.1541      1511.3929         0.0000         0.0000      4525.5664         -16562.4746       309.7618    -21088.0409    -16542.0769       313.5230            171.8941       195.6124     69311.5193        58.0361        57.1834

WRITING EXTENDED SYSTEM TO RESTART FILE AT STEP 2000
WRITING COORDINATES TO DCD FILE output_files/ubq_wb_eq.dcd AT STEP 2000
WRITING COORDINATES TO RESTART FILE AT STEP 2000
FINISHED WRITING RESTART COORDINATES
The last position output (seq=2000) takes 0.003 seconds, 378.367 MB of memory in use
WRITING VELOCITIES TO RESTART FILE AT STEP 2000
FINISHED WRITING RESTART VELOCITIES
The last velocity output (seq=2000) takes 0.003 seconds, 378.367 MB of memory in use
PRESSURE: 2100 430.288 500.224 249.308 500.218 315.764 -180.491 249.311 -180.491 552.222
GPRESSURE: 2100 594.532 415.898 110.191 628.351 153.559 81.1063 630.41 -234.723 591.05
PRESSAVG: 2100 130.977 119.62 185.41 119.619 -183.45 -61.6098 185.41 -61.6099 138.211
GPRESSAVG: 2100 127.883 124.176 188.089 116.768 -183.192 -59.5828 184.396 -64.755 142.703
ENERGY:    2100       222.8238       725.2419       308.7229        45.8115         -23980.7915      1599.2242         0.0000         0.0000      4510.7060         -16568.2612       308.7446    -21078.9672    -16551.1940       313.0949            432.7583       446.3801     69183.4850        28.5792        29.1316

LDB: ============= START OF LOAD BALANCING ============== 18.8548
LDB: ============== END OF LOAD BALANCING =============== 18.8548
LDB: =============== DONE WITH MIGRATION ================ 18.855
LDB: ============= START OF LOAD BALANCING ============== 18.9803
LDB: ============== END OF LOAD BALANCING =============== 18.9803
LDB: =============== DONE WITH MIGRATION ================ 18.9805
PRESSURE: 2200 -414.835 10.3629 -371.206 10.3622 333.729 -63.276 -371.204 -63.2753 932.328
GPRESSURE: 2200 -254.834 -281.103 -451.813 468.88 461.126 -46.2497 -238.258 -224.763 681.253
PRESSAVG: 2200 -389.48 279.428 -84.776 279.428 -121.762 -197.13 -84.7758 -197.13 551.833
GPRESSAVG: 2200 -386.724 274.255 -80.9837 277.825 -119.075 -194.638 -91.8971 -211.453 546.59
ENERGY:    2200       234.6823       679.2256       292.9432        39.8386         -23969.6533      1630.0345         0.0000         0.0000      4532.9049         -16560.0242       310.2641    -21092.9291    -16542.6005       312.6350            283.7406       295.8484     68964.0741        13.5302        13.5970

WRITING COORDINATES TO DCD FILE output_files/ubq_wb_eq.dcd AT STEP 2250
The last position output (seq=2250) takes 0.000 seconds, 378.367 MB of memory in use
PRESSURE: 2300 -324.906 -354.879 -207.143 -354.886 -189.815 -315.088 -207.143 -315.09 -1565.89
GPRESSURE: 2300 -693.87 -595.876 -287.573 -355.966 -146.232 -278.49 -66.854 -277.111 -1135.15
PRESSAVG: 2300 -125.542 18.9947 124.117 18.9946 16.5411 -4.90934 124.118 -4.90883 111.174
GPRESSAVG: 2300 -130.033 20.73 115.093 16.7874 17.2313 -12.0749 129.913 7.51048 111.382
ENERGY:    2300       237.5083       676.4914       300.5531        43.2781         -23871.6531      1453.7408         0.0000         0.0000      4566.5430         -16593.5385       312.5665    -21160.0814    -16574.3438       313.0341           -693.5371      -658.4187     69200.1213         0.7246        -0.4731

PRESSURE: 2400 -1858.17 -233.442 190.378 -233.439 -1222.06 662.455 190.386 662.452 -917.44
GPRESSURE: 2400 -1825.71 -418.399 219.185 -319.175 -1393.33 793.624 12.9855 589.636 -750.445
PRESSAVG: 2400 -210.585 92.9581 113.345 92.9582 -46.3463 -73.9869 113.345 -73.9866 231.141
GPRESSAVG: 2400 -204.891 92.367 119.107 101.612 -47.1001 -79.1712 114.383 -72.8222 228.106
ENERGY:    2400       230.5684       702.0067       292.9111        35.7223         -23838.0438      1379.6141         0.0000         0.0000      4559.2928         -16637.9285       312.0703    -21197.2213    -16618.4952       312.2397          -1332.5570     -1323.1616     69953.2425        -8.5967        -7.9616

PRESSURE: 2500 -60.7313 -188.192 -417.669 -188.191 -342.034 266.341 -417.673 266.336 404.182
GPRESSURE: 2500 -138.477 -393.591 -359.976 -247.629 -77.5678 260.774 -554.842 317.933 260.647
PRESSAVG: 2500 -178.851 -67.402 -67.6323 -67.4015 -193.79 -81.7808 -67.6321 -81.7808 215.753
GPRESSAVG: 2500 -180.043 -59.772 -78.2525 -63.9681 -191.071 -65.7417 -49.4414 -95.8527 212.922
ENERGY:    2500       244.9259       686.8734       294.2172        45.8345         -24043.4896      1639.5975         0.0000         0.0000      4528.3045         -16603.7365       309.9492    -21132.0411    -16583.4319       310.6827              0.4721        14.8675     69786.9252       -52.2962       -52.7305

WRITING EXTENDED SYSTEM TO RESTART FILE AT STEP 2500
WRITING COORDINATES TO DCD FILE output_files/ubq_wb_eq.dcd AT STEP 2500
WRITING COORDINATES TO RESTART FILE AT STEP 2500
FINISHED WRITING RESTART COORDINATES
The last position output (seq=2500) takes 0.004 seconds, 378.562 MB of memory in use
WRITING VELOCITIES TO RESTART FILE AT STEP 2500
FINISHED WRITING RESTART VELOCITIES
The last velocity output (seq=2500) takes 0.003 seconds, 378.562 MB of memory in use
PRESSURE: 2600 609.841 -148.94 -169.404 -148.937 272.647 -368.148 -169.402 -368.151 688.06
GPRESSURE: 2600 454.653 -44.178 -55.8478 77.2427 308.779 -268.543 234.967 -366.307 813.264
PRESSAVG: 2600 -106.229 6.07677 232.801 6.0771 67.338 14.6296 232.802 14.6306 231.314
GPRESSAVG: 2600 -115.242 0.936991 250.804 2.92885 70.7611 4.94835 218.675 30.064 236.524
ENERGY:    2600       227.3998       705.4560       294.8291        36.6377         -23943.4619      1583.5172         0.0000         0.0000      4530.4559         -16565.1661       310.0965    -21095.6220    -16546.8006       312.8585            523.5161       525.5653     69155.7661        64.1409        64.0144

WRITING EXTENDED SYSTEM TO OUTPUT FILE AT STEP 2600
CLOSING EXTENDED SYSTEM TRAJECTORY FILE
WRITING COORDINATES TO OUTPUT FILE AT STEP 2600
CLOSING COORDINATE DCD FILE output_files/ubq_wb_eq.dcd
WRITING VELOCITIES TO OUTPUT FILE AT STEP 2600
====================================================

WallClock: 19.979010  CPUTime: 19.906864  Memory: 378.644531 MB
[Partition 0][Node 0] End of program
